#
# A fatal error has been detected by the Java Runtime Environment:
#
#  SIGSEGV (0xb) at pc=0x00007fec7309bda0, pid=21722, tid=0x00007fecd5943700
#
# JRE version: OpenJDK Runtime Environment (8.0_144-b01) (build 1.8.0_144-b01)
# Java VM: OpenJDK 64-Bit Server VM (25.144-b01 mixed mode linux-amd64 compressed oops)
# Problematic frame:
# C  0x00007fec7309bda0
#
# Core dump written. Default location: /home/yousuf/Workspace/gfx/ticks/tick2/core or core.21722
#
# If you would like to submit a bug report, please visit:
#   http://bugreport.java.com/bugreport/crash.jsp
#

---------------  T H R E A D  ---------------

Current thread is native thread

siginfo: si_signo: 11 (SIGSEGV), si_code: 1 (SEGV_MAPERR), si_addr: 0x00007fec7309bda0

Registers:
RAX=0x0000000000000001, RBX=0x00007fecd5943a88, RCX=0x00007feccc000000, RDX=0x00007fec7309bda0
RSP=0x00007fecd5942eb8, RBP=0x0000000000000000, RSI=0x00007fecd5942ea8, RDI=0x00007feccc46a5f0
R8 =0x00007feccccc8380, R9 =0x00007feccc25a538, R10=0x00000000000008e8, R11=0x00007fecd4bdbfb0
R12=0x0000000000000020, R13=0x00007fecd5754080, R14=0x00007fecd5754280, R15=0x00007fecd57540f0
RIP=0x00007fec7309bda0, EFLAGS=0x0000000000010206, CSGSFS=0x002b000000000033, ERR=0x0000000000000014
  TRAPNO=0x000000000000000e

Top of Stack: (sp=0x00007fecd5942eb8)
0x00007fecd5942eb8:   00007fecd55411b8 0000000000000000
0x00007fecd5942ec8:   0000000000000004 0000000000000000
0x00007fecd5942ed8:   0000000000000000 0000000000000000
0x00007fecd5942ee8:   00007ffebe46b06e 00007ffebe46b06f
0x00007fecd5942ef8:   00007fecd5943700 0000000000000000
0x00007fecd5942f08:   00007fecd55421dd 0000000000000000
0x00007fecd5942f18:   00007fecd5943700 00007fecd5943700
0x00007fecd5942f28:   0489acb12b9da6c6 00007ffebe46b06e
0x00007fecd5942f38:   00007ffebe46b06f 00007fecd5943700
0x00007fecd5942f48:   0000000000000000 fb50079975bda6c6
0x00007fecd5942f58:   fb5006196b39a6c6 0000000000000000
0x00007fecd5942f68:   0000000000000000 0000000000000000
0x00007fecd5942f78:   0000000000000000 0000000000000000
0x00007fecd5942f88:   0000000000000000 0000000000000000
0x00007fecd5942f98:   0000000000000000 0000000000000000
0x00007fecd5942fa8:   bfbfc100adc43300 00007fecd5943700
0x00007fecd5942fb8:   00007fecd4c4f47f 0000000000000000
0x00007fecd5942fc8:   0000000000000000 0000000000000000
0x00007fecd5942fd8:   0000000000000000 0000000000000000
0x00007fecd5942fe8:   0000000000000000 0000000000000000
0x00007fecd5942ff8:   0000000000000000 0000000000000000
0x00007fecd5943008:   0000000000000000 0000000000000000
0x00007fecd5943018:   0000000000000000 0000000000000000
0x00007fecd5943028:   0000000000000000 0000000000000000
0x00007fecd5943038:   0000000000000000 0000000000000000
0x00007fecd5943048:   0000000000000000 0000000000000000
0x00007fecd5943058:   0000000000000000 0000000000000000
0x00007fecd5943068:   0000000000000000 0000000000000000
0x00007fecd5943078:   0000000000000000 0000000000000000
0x00007fecd5943088:   0000000000000000 0000000000000000
0x00007fecd5943098:   0000000000000000 0000000000000000
0x00007fecd59430a8:   0000000000000000 0000000000000000 

Instructions: (pc=0x00007fec7309bda0)
0x00007fec7309bd80:   
[error occurred during error reporting (printing registers, top of stack, instructions near pc), id 0xb]

Register to memory mapping:

RAX=0x0000000000000001 is an unknown value
RBX=0x00007fecd5943a88 is an unknown value
RCX=0x00007feccc000000 is an unknown value
RDX=0x00007fec7309bda0 is an unknown value
RSP=0x00007fecd5942eb8 is an unknown value
RBP=0x0000000000000000 is an unknown value
RSI=0x00007fecd5942ea8 is an unknown value
RDI=0x00007feccc46a5f0 is an unknown value
R8 =0x00007feccccc8380 is an unknown value
R9 =0x00007feccc25a538 is an unknown value
R10=0x00000000000008e8 is an unknown value
R11=0x00007fecd4bdbfb0: cfree+0 in /usr/lib/libc.so.6 at 0x00007fecd4b59000
R12=0x0000000000000020 is an unknown value
R13=0x00007fecd5754080: <offset 0x219080> in /usr/lib/libpthread.so.0 at 0x00007fecd553b000
R14=0x00007fecd5754280: <offset 0x219280> in /usr/lib/libpthread.so.0 at 0x00007fecd553b000
R15=0x00007fecd57540f0: <offset 0x2190f0> in /usr/lib/libpthread.so.0 at 0x00007fecd553b000


Stack: [0x00007fecd5843000,0x00007fecd5944000],  sp=0x00007fecd5942eb8,  free space=1023k
Native frames: (J=compiled Java code, j=interpreted, Vv=VM code, C=native code)
C  0x00007fec7309bda0

[error occurred during error reporting (printing native stack), id 0xb]


---------------  P R O C E S S  ---------------

VM state:at safepoint (shutting down)

VM Mutex/Monitor currently owned by a thread:  ([mutex/lock_event])
[0x00007feccc007200] Threads_lock - owner thread: 0x00007feccc078800

Heap:
 PSYoungGen      total 36864K, used 25175K [0x00000000d7380000, 0x00000000d9c80000, 0x0000000100000000)
  eden space 31744K, 79% used [0x00000000d7380000,0x00000000d8c15ef0,0x00000000d9280000)
  from space 5120K, 0% used [0x00000000d9780000,0x00000000d9780000,0x00000000d9c80000)
  to   space 5120K, 0% used [0x00000000d9280000,0x00000000d9280000,0x00000000d9780000)
 ParOldGen       total 84992K, used 0K [0x0000000085a00000, 0x000000008ad00000, 0x00000000d7380000)
  object space 84992K, 0% used [0x0000000085a00000,0x0000000085a00000,0x000000008ad00000)
 Metaspace       used 10515K, capacity 10695K, committed 11008K, reserved 1058816K
  class space    used 868K, capacity 964K, committed 1024K, reserved 1048576K

Card table byte_map: [0x00007fecd205b000,0x00007fecd242f000] byte_map_base: 0x00007fecd1c2e000

Marking Bits: (ParMarkBitMap*) 0x00007fecd4b3c120
 Begin Bits: [0x00007fecb92d0000, 0x00007fecbb168000)
 End Bits:   [0x00007fecbb168000, 0x00007fecbd000000)

Polling page: 0x00007fecd597a000

CodeCache: size=245760Kb used=2942Kb max_used=2942Kb free=242817Kb
 bounds [0x00007fecbd000000, 0x00007fecbd2f0000, 0x00007feccc000000]
 total_blobs=1528 nmethods=704 adapters=739
 compilation: enabled

Compilation events (10 events):
Event: 9.266 Thread 0x00007feccc0bd800  699       3       org.joml.Matrix4f::<init> (41 bytes)
Event: 9.268 Thread 0x00007feccc0bd800 nmethod 699 0x00007fecbd2dd690 code [0x00007fecbd2dd840, 0x00007fecbd2ddd98]
Event: 9.268 Thread 0x00007feccc0bd800  700       3       org.joml.MemUtil$MemUtilNIO::copy (129 bytes)
Event: 9.269 Thread 0x00007feccc0bd800 nmethod 700 0x00007fecbd2ddf10 code [0x00007fecbd2de080, 0x00007fecbd2de270]
Event: 9.269 Thread 0x00007feccc0bd800  701       3       uk.ac.cam.cl.gfxintro.ym346.tick2.Camera::getViewMatrix (41 bytes)
Event: 9.270 Thread 0x00007feccc0bd800 nmethod 701 0x00007fecbd2de350 code [0x00007fecbd2de500, 0x00007fecbd2dea18]
Event: 9.270 Thread 0x00007feccc0bd800  702       3       uk.ac.cam.cl.gfxintro.ym346.tick2.Camera::getCameraPosition (73 bytes)
Event: 9.272 Thread 0x00007feccc0bd800 nmethod 702 0x00007fecbd2decd0 code [0x00007fecbd2deea0, 0x00007fecbd2e0290]
Event: 9.273 Thread 0x00007feccc0bd800  703       3       org.joml.Matrix4f::lookAt (60 bytes)
Event: 9.276 Thread 0x00007feccc0bd800 nmethod 703 0x00007fecbd2e0390 code [0x00007fecbd2e0580, 0x00007fecbd2e0d28]

GC Heap History (0 events):
No events

Deoptimization events (4 events):
Event: 0.244 Thread 0x00007feccc00a800 Uncommon trap: reason=unstable_if action=reinterpret pc=0x00007fecbd1a87f0 method=java.lang.String.replace(CC)Ljava/lang/String; @ 26
Event: 0.720 Thread 0x00007feccc00a800 Uncommon trap: reason=unstable_if action=reinterpret pc=0x00007fecbd195ab0 method=java.awt.image.ComponentColorModel.getRGB(Ljava/lang/Object;)I @ 4
Event: 0.720 Thread 0x00007feccc00a800 Uncommon trap: reason=unstable_if action=reinterpret pc=0x00007fecbd199b98 method=java.awt.image.ComponentColorModel.getRGBComponent(Ljava/lang/Object;I)I @ 15
Event: 0.766 Thread 0x00007feccc00a800 Uncommon trap: reason=unstable_if action=reinterpret pc=0x00007fecbd28dee8 method=uk.ac.cam.cl.gfxintro.ym346.tick2.Texture.load(Ljava/lang/String;)I @ 208

Internal exceptions (10 events):
Event: 0.113 Thread 0x00007feccc00a800 Exception <a 'java/security/PrivilegedActionException'> (0x00000000d750b758) thrown at [/build/java8-openjdk/src/jdk8u-jdk8u144-b01/hotspot/src/share/vm/prims/jvm.cpp, line 1390]
Event: 0.113 Thread 0x00007feccc00a800 Exception <a 'java/security/PrivilegedActionException'> (0x00000000d750bb50) thrown at [/build/java8-openjdk/src/jdk8u-jdk8u144-b01/hotspot/src/share/vm/prims/jvm.cpp, line 1390]
Event: 0.113 Thread 0x00007feccc00a800 Exception <a 'java/security/PrivilegedActionException'> (0x00000000d750dbd8) thrown at [/build/java8-openjdk/src/jdk8u-jdk8u144-b01/hotspot/src/share/vm/prims/jvm.cpp, line 1390]
Event: 0.113 Thread 0x00007feccc00a800 Exception <a 'java/security/PrivilegedActionException'> (0x00000000d750dfd0) thrown at [/build/java8-openjdk/src/jdk8u-jdk8u144-b01/hotspot/src/share/vm/prims/jvm.cpp, line 1390]
Event: 0.113 Thread 0x00007feccc00a800 Exception <a 'java/security/PrivilegedActionException'> (0x00000000d750ec18) thrown at [/build/java8-openjdk/src/jdk8u-jdk8u144-b01/hotspot/src/share/vm/prims/jvm.cpp, line 1390]
Event: 0.113 Thread 0x00007feccc00a800 Exception <a 'java/security/PrivilegedActionException'> (0x00000000d750f010) thrown at [/build/java8-openjdk/src/jdk8u-jdk8u144-b01/hotspot/src/share/vm/prims/jvm.cpp, line 1390]
Event: 0.154 Thread 0x00007feccc00a800 Exception <a 'java/lang/NoSuchFieldError': method resolution failed> (0x00000000d75de240) thrown at [/build/java8-openjdk/src/jdk8u-jdk8u144-b01/hotspot/src/share/vm/prims/methodHandles.cpp, line 1146]
Event: 0.155 Thread 0x00007feccc00a800 Exception <a 'java/lang/NoSuchFieldError': method resolution failed> (0x00000000d75eba10) thrown at [/build/java8-openjdk/src/jdk8u-jdk8u144-b01/hotspot/src/share/vm/prims/methodHandles.cpp, line 1146]
Event: 0.175 Thread 0x00007feccc00a800 Exception <a 'java/io/FileNotFoundException'> (0x00000000d7669008) thrown at [/build/java8-openjdk/src/jdk8u-jdk8u144-b01/hotspot/src/share/vm/prims/jni.cpp, line 709]
Event: 0.175 Thread 0x00007feccc00a800 Exception <a 'java/io/FileNotFoundException'> (0x00000000d76699c0) thrown at [/build/java8-openjdk/src/jdk8u-jdk8u144-b01/hotspot/src/share/vm/prims/jni.cpp, line 709]

Events (10 events):
Event: 4.082 Executing VM operation: EnableBiasedLocking
Event: 4.082 Executing VM operation: EnableBiasedLocking done
Event: 11.378 Thread 0x00007feccc00a800 Thread exited: 0x00007feccc00a800
Event: 11.378 Thread 0x00007feccc00a800 Thread added: 0x00007feccc00a800
Event: 11.378 loading class java/lang/Shutdown
Event: 11.378 loading class java/lang/Shutdown done
Event: 11.378 loading class java/lang/Shutdown$Lock
Event: 11.379 loading class java/lang/Shutdown$Lock done
Event: 11.379 Thread 0x00007feccc0b4800 Thread exited: 0x00007feccc0b4800
Event: 11.379 Thread 0x00007feccc00a800 Thread exited: 0x00007feccc00a800


Dynamic libraries:
85a00000-8ad00000 rw-p 00000000 00:00 0 
8ad00000-d7380000 ---p 00000000 00:00 0 
d7380000-d9c80000 rw-p 00000000 00:00 0 
d9c80000-100000000 ---p 00000000 00:00 0 
100000000-100100000 rw-p 00000000 00:00 0 
100100000-140000000 ---p 00000000 00:00 0 
555cdbe87000-555cdbe88000 r-xp 00000000 08:07 809997                     /usr/lib/jvm/java-8-openjdk/jre/bin/java
555cdc087000-555cdc088000 r--p 00000000 08:07 809997                     /usr/lib/jvm/java-8-openjdk/jre/bin/java
555cdc088000-555cdc089000 rw-p 00001000 08:07 809997                     /usr/lib/jvm/java-8-openjdk/jre/bin/java
555cdda76000-555cdda97000 rw-p 00000000 00:00 0                          [heap]
7fec71800000-7fec71c00000 rw-p 00000000 00:00 0 
7fec71c84000-7fec71d85000 rw-p 00000000 00:00 0 
7fec71d85000-7fec71dba000 r-xp 00000000 08:09 269352                     /home/yousuf/Workspace/gfx/ticks/tick2/lib/lwjgl/native/libjemalloc.so
7fec71dba000-7fec71fb9000 ---p 00035000 08:09 269352                     /home/yousuf/Workspace/gfx/ticks/tick2/lib/lwjgl/native/libjemalloc.so
7fec71fb9000-7fec71fbc000 r--p 00034000 08:09 269352                     /home/yousuf/Workspace/gfx/ticks/tick2/lib/lwjgl/native/libjemalloc.so
7fec71fbc000-7fec71fbd000 rw-p 00037000 08:09 269352                     /home/yousuf/Workspace/gfx/ticks/tick2/lib/lwjgl/native/libjemalloc.so
7fec71fbd000-7fec71fbe000 rw-p 00000000 00:00 0 
7fec71fbe000-7fec71fd5000 r-xp 00000000 08:07 810045                     /usr/lib/jvm/java-8-openjdk/jre/lib/amd64/libnet.so
7fec71fd5000-7fec721d4000 ---p 00017000 08:07 810045                     /usr/lib/jvm/java-8-openjdk/jre/lib/amd64/libnet.so
7fec721d4000-7fec721d5000 r--p 00016000 08:07 810045                     /usr/lib/jvm/java-8-openjdk/jre/lib/amd64/libnet.so
7fec721d5000-7fec721d6000 rw-p 00017000 08:07 810045                     /usr/lib/jvm/java-8-openjdk/jre/lib/amd64/libnet.so
7fec721d6000-7fec721e7000 r-xp 00000000 08:07 810047                     /usr/lib/jvm/java-8-openjdk/jre/lib/amd64/libnio.so
7fec721e7000-7fec723e7000 ---p 00011000 08:07 810047                     /usr/lib/jvm/java-8-openjdk/jre/lib/amd64/libnio.so
7fec723e7000-7fec723e8000 r--p 00011000 08:07 810047                     /usr/lib/jvm/java-8-openjdk/jre/lib/amd64/libnio.so
7fec723e8000-7fec723e9000 rw-p 00012000 08:07 810047                     /usr/lib/jvm/java-8-openjdk/jre/lib/amd64/libnio.so
7fec723e9000-7fec725a9000 rw-p 00000000 00:00 0 
7fec725a9000-7fec725e9000 ---p 00000000 00:00 0 
7fec725e9000-7fec725ed000 r-xp 00000000 08:07 1062260                    /usr/lib/libtxc_dxtn.so
7fec725ed000-7fec727ec000 ---p 00004000 08:07 1062260                    /usr/lib/libtxc_dxtn.so
7fec727ec000-7fec727ed000 r--p 00003000 08:07 1062260                    /usr/lib/libtxc_dxtn.so
7fec727ed000-7fec727ee000 rw-p 00004000 08:07 1062260                    /usr/lib/libtxc_dxtn.so
7fec732ab000-7fec732b3000 r-xp 00000000 08:07 1058256                    /usr/lib/libpciaccess.so.0.11.1
7fec732b3000-7fec734b3000 ---p 00008000 08:07 1058256                    /usr/lib/libpciaccess.so.0.11.1
7fec734b3000-7fec734b4000 r--p 00008000 08:07 1058256                    /usr/lib/libpciaccess.so.0.11.1
7fec734b4000-7fec734b5000 rw-p 00009000 08:07 1058256                    /usr/lib/libpciaccess.so.0.11.1
7fec734b5000-7fec7362c000 r-xp 00000000 08:07 1058393                    /usr/lib/libstdc++.so.6.0.24
7fec7362c000-7fec7382c000 ---p 00177000 08:07 1058393                    /usr/lib/libstdc++.so.6.0.24
7fec7382c000-7fec73838000 r--p 00177000 08:07 1058393                    /usr/lib/libstdc++.so.6.0.24
7fec73838000-7fec73839000 rw-p 00183000 08:07 1058393                    /usr/lib/libstdc++.so.6.0.24
7fec73839000-7fec7383c000 rw-p 00000000 00:00 0 
7fec7383c000-7fec73847000 r-xp 00000000 08:07 1058314                    /usr/lib/libdrm_radeon.so.1.0.1
7fec73847000-7fec73a46000 ---p 0000b000 08:07 1058314                    /usr/lib/libdrm_radeon.so.1.0.1
7fec73a46000-7fec73a47000 r--p 0000a000 08:07 1058314                    /usr/lib/libdrm_radeon.so.1.0.1
7fec73a47000-7fec73a48000 rw-p 0000b000 08:07 1058314                    /usr/lib/libdrm_radeon.so.1.0.1
7fec73a48000-7fec73a4f000 r-xp 00000000 08:07 1058313                    /usr/lib/libdrm_nouveau.so.2.0.0
7fec73a4f000-7fec73c4e000 ---p 00007000 08:07 1058313                    /usr/lib/libdrm_nouveau.so.2.0.0
7fec73c4e000-7fec73c4f000 r--p 00006000 08:07 1058313                    /usr/lib/libdrm_nouveau.so.2.0.0
7fec73c4f000-7fec73c50000 rw-p 00007000 08:07 1058313                    /usr/lib/libdrm_nouveau.so.2.0.0
7fec73c50000-7fec73c72000 r-xp 00000000 08:07 1058312                    /usr/lib/libdrm_intel.so.1.0.0
7fec73c72000-7fec73e71000 ---p 00022000 08:07 1058312                    /usr/lib/libdrm_intel.so.1.0.0
7fec73e71000-7fec73e72000 r--p 00021000 08:07 1058312                    /usr/lib/libdrm_intel.so.1.0.0
7fec73e72000-7fec73e73000 rw-p 00022000 08:07 1058312                    /usr/lib/libdrm_intel.so.1.0.0
7fec73e73000-7fec74663000 r-xp 00000000 08:07 2534                       /usr/lib/xorg/modules/dri/i965_dri.so
7fec74663000-7fec74862000 ---p 007f0000 08:07 2534                       /usr/lib/xorg/modules/dri/i965_dri.so
7fec74862000-7fec748b3000 r--p 007ef000 08:07 2534                       /usr/lib/xorg/modules/dri/i965_dri.so
7fec748b3000-7fec748bb000 rw-p 00840000 08:07 2534                       /usr/lib/xorg/modules/dri/i965_dri.so
7fec748bb000-7fec74923000 rw-p 00000000 00:00 0 
7fec74923000-7fec74933000 r-xp 00000000 08:07 1058307                    /usr/lib/libdrm.so.2.4.0
7fec74933000-7fec74b32000 ---p 00010000 08:07 1058307                    /usr/lib/libdrm.so.2.4.0
7fec74b32000-7fec74b33000 r--p 0000f000 08:07 1058307                    /usr/lib/libdrm.so.2.4.0
7fec74b33000-7fec74b34000 rw-p 00010000 08:07 1058307                    /usr/lib/libdrm.so.2.4.0
7fec74b34000-7fec74b38000 r-xp 00000000 08:07 1054481                    /usr/lib/libxcb-dri2.so.0.0.0
7fec74b38000-7fec74d37000 ---p 00004000 08:07 1054481                    /usr/lib/libxcb-dri2.so.0.0.0
7fec74d37000-7fec74d38000 r--p 00003000 08:07 1054481                    /usr/lib/libxcb-dri2.so.0.0.0
7fec74d38000-7fec74d39000 rw-p 00004000 08:07 1054481                    /usr/lib/libxcb-dri2.so.0.0.0
7fec74d39000-7fec74d52000 r-xp 00000000 08:07 1054484                    /usr/lib/libxcb-glx.so.0.0.0
7fec74d52000-7fec74f52000 ---p 00019000 08:07 1054484                    /usr/lib/libxcb-glx.so.0.0.0
7fec74f52000-7fec74f54000 r--p 00019000 08:07 1054484                    /usr/lib/libxcb-glx.so.0.0.0
7fec74f54000-7fec74f55000 rw-p 0001b000 08:07 1054484                    /usr/lib/libxcb-glx.so.0.0.0
7fec74f55000-7fec74f80000 r-xp 00000000 08:07 1078964                    /usr/lib/libglapi.so.0.0.0
7fec74f80000-7fec7517f000 ---p 0002b000 08:07 1078964                    /usr/lib/libglapi.so.0.0.0
7fec7517f000-7fec75183000 r--p 0002a000 08:07 1078964                    /usr/lib/libglapi.so.0.0.0
7fec75183000-7fec75184000 rw-p 0002e000 08:07 1078964                    /usr/lib/libglapi.so.0.0.0
7fec75184000-7fec75185000 rw-p 00000000 00:00 0 
7fec75185000-7fec75186000 r-xp 00000000 08:07 1062122                    /usr/lib/libxshmfence.so.1.0.0
7fec75186000-7fec75386000 ---p 00001000 08:07 1062122                    /usr/lib/libxshmfence.so.1.0.0
7fec75386000-7fec75387000 r--p 00001000 08:07 1062122                    /usr/lib/libxshmfence.so.1.0.0
7fec75387000-7fec75388000 rw-p 00002000 08:07 1062122                    /usr/lib/libxshmfence.so.1.0.0
7fec75388000-7fec7538e000 r-xp 00000000 08:07 1054492                    /usr/lib/libxcb-sync.so.1.0.0
7fec7538e000-7fec7558d000 ---p 00006000 08:07 1054492                    /usr/lib/libxcb-sync.so.1.0.0
7fec7558d000-7fec7558e000 r--p 00005000 08:07 1054492                    /usr/lib/libxcb-sync.so.1.0.0
7fec7558e000-7fec7558f000 rw-p 00006000 08:07 1054492                    /usr/lib/libxcb-sync.so.1.0.0
7fec7558f000-7fec75591000 r-xp 00000000 08:07 1054483                    /usr/lib/libxcb-present.so.0.0.0
7fec75591000-7fec75790000 ---p 00002000 08:07 1054483                    /usr/lib/libxcb-present.so.0.0.0
7fec75790000-7fec75791000 r--p 00001000 08:07 1054483                    /usr/lib/libxcb-present.so.0.0.0
7fec75791000-7fec75792000 rw-p 00002000 08:07 1054483                    /usr/lib/libxcb-present.so.0.0.0
7fec75792000-7fec75799000 r-xp 00000000 08:07 1054494                    /usr/lib/libxcb-xfixes.so.0.0.0
7fec75799000-7fec75998000 ---p 00007000 08:07 1054494                    /usr/lib/libxcb-xfixes.so.0.0.0
7fec75998000-7fec75999000 r--p 00006000 08:07 1054494                    /usr/lib/libxcb-xfixes.so.0.0.0
7fec75999000-7fec7599a000 rw-p 00007000 08:07 1054494                    /usr/lib/libxcb-xfixes.so.0.0.0
7fec7599a000-7fec7599c000 r-xp 00000000 08:07 1054482                    /usr/lib/libxcb-dri3.so.0.0.0
7fec7599c000-7fec75b9b000 ---p 00002000 08:07 1054482                    /usr/lib/libxcb-dri3.so.0.0.0
7fec75b9b000-7fec75b9c000 r--p 00001000 08:07 1054482                    /usr/lib/libxcb-dri3.so.0.0.0
7fec75b9c000-7fec75b9d000 rw-p 00002000 08:07 1054482                    /usr/lib/libxcb-dri3.so.0.0.0
7fec75b9d000-7fec75c0c000 r-xp 00000000 08:07 1078963                    /usr/lib/libGLX_mesa.so.0.0.0
7fec75c0c000-7fec75e0b000 ---p 0006f000 08:07 1078963                    /usr/lib/libGLX_mesa.so.0.0.0
7fec75e0b000-7fec75e0e000 r--p 0006e000 08:07 1078963                    /usr/lib/libGLX_mesa.so.0.0.0
7fec75e0e000-7fec75e0f000 rw-p 00071000 08:07 1078963                    /usr/lib/libGLX_mesa.so.0.0.0
7fec75e0f000-7fec75e7d000 r-xp 00000000 08:07 1064298                    /usr/lib/libGLdispatch.so.0.0.0
7fec75e7d000-7fec7607c000 ---p 0006e000 08:07 1064298                    /usr/lib/libGLdispatch.so.0.0.0
7fec7607c000-7fec760a4000 r--p 0006d000 08:07 1064298                    /usr/lib/libGLdispatch.so.0.0.0
7fec760a4000-7fec760a5000 rw-p 00095000 08:07 1064298                    /usr/lib/libGLdispatch.so.0.0.0
7fec760a5000-7fec760c5000 rw-p 00000000 00:00 0 
7fec760c5000-7fec760d5000 r-xp 00000000 08:07 1064304                    /usr/lib/libGLX.so.0.0.0
7fec760d5000-7fec762d4000 ---p 00010000 08:07 1064304                    /usr/lib/libGLX.so.0.0.0
7fec762d4000-7fec762d5000 r--p 0000f000 08:07 1064304                    /usr/lib/libGLX.so.0.0.0
7fec762d5000-7fec762d6000 rw-p 00010000 08:07 1064304                    /usr/lib/libGLX.so.0.0.0
7fec762d6000-7fec762f6000 rw-p 00000000 00:00 0 
7fec762f6000-7fec76366000 r-xp 00000000 08:07 1064305                    /usr/lib/libGL.so.1.0.0
7fec76366000-7fec76565000 ---p 00070000 08:07 1064305                    /usr/lib/libGL.so.1.0.0
7fec76565000-7fec7657f000 r--p 0006f000 08:07 1064305                    /usr/lib/libGL.so.1.0.0
7fec7657f000-7fec76580000 rw-p 00089000 08:07 1064305                    /usr/lib/libGL.so.1.0.0
7fec76580000-7fec76581000 rw-p 00000000 00:00 0 
7fec76581000-7fec76582000 r-xp 00000000 08:07 1058106                    /usr/lib/libX11-xcb.so.1.0.0
7fec76582000-7fec76781000 ---p 00001000 08:07 1058106                    /usr/lib/libX11-xcb.so.1.0.0
7fec76781000-7fec76782000 r--p 00000000 08:07 1058106                    /usr/lib/libX11-xcb.so.1.0.0
7fec76782000-7fec76783000 rw-p 00001000 08:07 1058106                    /usr/lib/libX11-xcb.so.1.0.0
7fec76783000-7fec76788000 r-xp 00000000 08:07 1062086                    /usr/lib/libXxf86vm.so.1.0.0
7fec76788000-7fec76987000 ---p 00005000 08:07 1062086                    /usr/lib/libXxf86vm.so.1.0.0
7fec76987000-7fec76988000 r--p 00004000 08:07 1062086                    /usr/lib/libXxf86vm.so.1.0.0
7fec76988000-7fec76989000 rw-p 00005000 08:07 1062086                    /usr/lib/libXxf86vm.so.1.0.0
7fec76989000-7fec769a2000 r-xp 00000000 08:09 269350                     /home/yousuf/Workspace/gfx/ticks/tick2/lib/lwjgl/native/libglfw.so
7fec769a2000-7fec76ba2000 ---p 00019000 08:09 269350                     /home/yousuf/Workspace/gfx/ticks/tick2/lib/lwjgl/native/libglfw.so
7fec76ba2000-7fec76ba3000 r--p 00019000 08:09 269350                     /home/yousuf/Workspace/gfx/ticks/tick2/lib/lwjgl/native/libglfw.so
7fec76ba3000-7fec76ba4000 rw-p 0001a000 08:09 269350                     /home/yousuf/Workspace/gfx/ticks/tick2/lib/lwjgl/native/libglfw.so
7fec76ba4000-7fec76ba5000 rw-p 00000000 00:00 0 
7fec76ba5000-7fec76bb9000 r-xp 00000000 08:07 1065567                    /usr/lib/libgpg-error.so.0.22.0
7fec76bb9000-7fec76db8000 ---p 00014000 08:07 1065567                    /usr/lib/libgpg-error.so.0.22.0
7fec76db8000-7fec76db9000 r--p 00013000 08:07 1065567                    /usr/lib/libgpg-error.so.0.22.0
7fec76db9000-7fec76dba000 rw-p 00014000 08:07 1065567                    /usr/lib/libgpg-error.so.0.22.0
7fec76dba000-7fec76dce000 r-xp 00000000 08:07 1065593                    /usr/lib/liblz4.so.1.8.0
7fec76dce000-7fec76fcd000 ---p 00014000 08:07 1065593                    /usr/lib/liblz4.so.1.8.0
7fec76fcd000-7fec76fce000 r--p 00013000 08:07 1065593                    /usr/lib/liblz4.so.1.8.0
7fec76fce000-7fec76fcf000 rw-p 00014000 08:07 1065593                    /usr/lib/liblz4.so.1.8.0
7fec76fcf000-7fec76ff4000 r-xp 00000000 08:07 1061344                    /usr/lib/liblzma.so.5.2.3
7fec76ff4000-7fec771f3000 ---p 00025000 08:07 1061344                    /usr/lib/liblzma.so.5.2.3
7fec771f3000-7fec771f4000 r--p 00024000 08:07 1061344                    /usr/lib/liblzma.so.5.2.3
7fec771f4000-7fec771f5000 rw-p 00025000 08:07 1061344                    /usr/lib/liblzma.so.5.2.3
7fec771f5000-7fec7730a000 r-xp 00000000 08:07 1065576                    /usr/lib/libgcrypt.so.20.2.1
7fec7730a000-7fec77509000 ---p 00115000 08:07 1065576                    /usr/lib/libgcrypt.so.20.2.1
7fec77509000-7fec7750b000 r--p 00114000 08:07 1065576                    /usr/lib/libgcrypt.so.20.2.1
7fec7750b000-7fec77510000 rw-p 00116000 08:07 1065576                    /usr/lib/libgcrypt.so.20.2.1
7fec77510000-7fec77511000 rw-p 00000000 00:00 0 
7fec77511000-7fec77517000 r-xp 00000000 08:07 1064473                    /usr/lib/libuuid.so.1.3.0
7fec77517000-7fec77716000 ---p 00006000 08:07 1064473                    /usr/lib/libuuid.so.1.3.0
7fec77716000-7fec77717000 r--p 00005000 08:07 1064473                    /usr/lib/libuuid.so.1.3.0
7fec77717000-7fec77718000 rw-p 00006000 08:07 1064473                    /usr/lib/libuuid.so.1.3.0
7fec77718000-7fec7775f000 r-xp 00000000 08:07 1064475                    /usr/lib/libblkid.so.1.1.0
7fec7775f000-7fec7795e000 ---p 00047000 08:07 1064475                    /usr/lib/libblkid.so.1.1.0
7fec7795e000-7fec77963000 r--p 00046000 08:07 1064475                    /usr/lib/libblkid.so.1.1.0
7fec77963000-7fec77964000 rw-p 0004b000 08:07 1064475                    /usr/lib/libblkid.so.1.1.0
7fec77964000-7fec77965000 rw-p 00000000 00:00 0 
7fec77965000-7fec7796c000 r-xp 00000000 08:07 1077366                    /usr/lib/libdatrie.so.1.3.3
7fec7796c000-7fec77b6b000 ---p 00007000 08:07 1077366                    /usr/lib/libdatrie.so.1.3.3
7fec77b6b000-7fec77b6c000 r--p 00006000 08:07 1077366                    /usr/lib/libdatrie.so.1.3.3
7fec77b6c000-7fec77b6d000 rw-p 00007000 08:07 1077366                    /usr/lib/libdatrie.so.1.3.3
7fec77b6d000-7fec77b97000 r-xp 00000000 08:07 1064866                    /usr/lib/libgraphite2.so.3.0.1
7fec77b97000-7fec77d96000 ---p 0002a000 08:07 1064866                    /usr/lib/libgraphite2.so.3.0.1
7fec77d96000-7fec77d98000 r--p 00029000 08:07 1064866                    /usr/lib/libgraphite2.so.3.0.1
7fec77d98000-7fec77d99000 rw-p 0002b000 08:07 1064866                    /usr/lib/libgraphite2.so.3.0.1
7fec77d99000-7fec77e14000 r-xp 00000000 08:07 1122308                    /usr/lib/libsystemd.so.0.19.1
7fec77e14000-7fec78013000 ---p 0007b000 08:07 1122308                    /usr/lib/libsystemd.so.0.19.1
7fec78013000-7fec78016000 r--p 0007a000 08:07 1122308                    /usr/lib/libsystemd.so.0.19.1
7fec78016000-7fec78017000 rw-p 0007d000 08:07 1122308                    /usr/lib/libsystemd.so.0.19.1
7fec78017000-7fec78018000 rw-p 00000000 00:00 0 
7fec78018000-7fec78027000 r-xp 00000000 08:07 1062139                    /usr/lib/libbz2.so.1.0.6
7fec78027000-7fec78226000 ---p 0000f000 08:07 1062139                    /usr/lib/libbz2.so.1.0.6
7fec78226000-7fec78227000 r--p 0000e000 08:07 1062139                    /usr/lib/libbz2.so.1.0.6
7fec78227000-7fec78228000 rw-p 0000f000 08:07 1062139                    /usr/lib/libbz2.so.1.0.6
7fec78228000-7fec78299000 r-xp 00000000 08:07 1064347                    /usr/lib/libpcre.so.1.2.9
7fec78299000-7fec78499000 ---p 00071000 08:07 1064347                    /usr/lib/libpcre.so.1.2.9
7fec78499000-7fec7849a000 r--p 00071000 08:07 1064347                    /usr/lib/libpcre.so.1.2.9
7fec7849a000-7fec7849b000 rw-p 00072000 08:07 1064347                    /usr/lib/libpcre.so.1.2.9
7fec7849b000-7fec784a2000 r-xp 00000000 08:07 1058351                    /usr/lib/libffi.so.6.0.4
7fec784a2000-7fec786a2000 ---p 00007000 08:07 1058351                    /usr/lib/libffi.so.6.0.4
7fec786a2000-7fec786a3000 r--p 00007000 08:07 1058351                    /usr/lib/libffi.so.6.0.4
7fec786a3000-7fec786a4000 rw-p 00008000 08:07 1058351                    /usr/lib/libffi.so.6.0.4
7fec786a4000-7fec786b7000 r-xp 00000000 08:07 1052918                    /usr/lib/libresolv-2.26.so
7fec786b7000-7fec788b7000 ---p 00013000 08:07 1052918                    /usr/lib/libresolv-2.26.so
7fec788b7000-7fec788b8000 r--p 00013000 08:07 1052918                    /usr/lib/libresolv-2.26.so
7fec788b8000-7fec788b9000 rw-p 00014000 08:07 1052918                    /usr/lib/libresolv-2.26.so
7fec788b9000-7fec788bb000 rw-p 00000000 00:00 0 
7fec788bb000-7fec7890d000 r-xp 00000000 08:07 1064483                    /usr/lib/libmount.so.1.1.0
7fec7890d000-7fec78b0c000 ---p 00052000 08:07 1064483                    /usr/lib/libmount.so.1.1.0
7fec78b0c000-7fec78b0f000 r--p 00051000 08:07 1064483                    /usr/lib/libmount.so.1.1.0
7fec78b0f000-7fec78b10000 rw-p 00054000 08:07 1064483                    /usr/lib/libmount.so.1.1.0
7fec78b10000-7fec78b11000 rw-p 00000000 00:00 0 
7fec78b11000-7fec78b40000 r-xp 00000000 08:07 1058358                    /usr/lib/libexpat.so.1.6.6
7fec78b40000-7fec78d3f000 ---p 0002f000 08:07 1058358                    /usr/lib/libexpat.so.1.6.6
7fec78d3f000-7fec78d42000 r--p 0002e000 08:07 1058358                    /usr/lib/libexpat.so.1.6.6
7fec78d42000-7fec78d43000 rw-p 00031000 08:07 1058358                    /usr/lib/libexpat.so.1.6.6
7fec78d43000-7fec78d4b000 r-xp 00000000 08:07 1077398                    /usr/lib/libthai.so.0.3.0
7fec78d4b000-7fec78f4b000 ---p 00008000 08:07 1077398                    /usr/lib/libthai.so.0.3.0
7fec78f4b000-7fec78f4c000 r--p 00008000 08:07 1077398                    /usr/lib/libthai.so.0.3.0
7fec78f4c000-7fec78f4d000 rw-p 00009000 08:07 1077398                    /usr/lib/libthai.so.0.3.0
7fec78f4d000-7fec78fe9000 r-xp 00000000 08:07 1064874                    /usr/lib/libharfbuzz.so.0.10701.0
7fec78fe9000-7fec791e8000 ---p 0009c000 08:07 1064874                    /usr/lib/libharfbuzz.so.0.10701.0
7fec791e8000-7fec791ea000 r--p 0009b000 08:07 1064874                    /usr/lib/libharfbuzz.so.0.10701.0
7fec791ea000-7fec791eb000 rw-p 0009d000 08:07 1064874                    /usr/lib/libharfbuzz.so.0.10701.0
7fec791eb000-7fec79219000 r-xp 00000000 08:07 1076151                    /usr/lib/libatspi.so.0.0.1
7fec79219000-7fec79418000 ---p 0002e000 08:07 1076151                    /usr/lib/libatspi.so.0.0.1
7fec79418000-7fec7941c000 r--p 0002d000 08:07 1076151                    /usr/lib/libatspi.so.0.0.1
7fec7941c000-7fec7941d000 rw-p 00031000 08:07 1076151                    /usr/lib/libatspi.so.0.0.1
7fec7941d000-7fec7946b000 r-xp 00000000 08:07 1065699                    /usr/lib/libdbus-1.so.3.19.4
7fec7946b000-7fec7966b000 ---p 0004e000 08:07 1065699                    /usr/lib/libdbus-1.so.3.19.4
7fec7966b000-7fec7966d000 r--p 0004e000 08:07 1065699                    /usr/lib/libdbus-1.so.3.19.4
7fec7966d000-7fec7966e000 rw-p 00050000 08:07 1065699                    /usr/lib/libdbus-1.so.3.19.4
7fec7966e000-7fec7967a000 r-xp 00000000 08:07 1054487                    /usr/lib/libxcb-render.so.0.0.0
7fec7967a000-7fec7987a000 ---p 0000c000 08:07 1054487                    /usr/lib/libxcb-render.so.0.0.0
7fec7987a000-7fec7987b000 r--p 0000c000 08:07 1054487                    /usr/lib/libxcb-render.so.0.0.0
7fec7987b000-7fec7987c000 rw-p 0000d000 08:07 1054487                    /usr/lib/libxcb-render.so.0.0.0
7fec7987c000-7fec7987e000 r-xp 00000000 08:07 1054491                    /usr/lib/libxcb-shm.so.0.0.0
7fec7987e000-7fec79a7e000 ---p 00002000 08:07 1054491                    /usr/lib/libxcb-shm.so.0.0.0
7fec79a7e000-7fec79a7f000 r--p 00002000 08:07 1054491                    /usr/lib/libxcb-shm.so.0.0.0
7fec79a7f000-7fec79a80000 rw-p 00003000 08:07 1054491                    /usr/lib/libxcb-shm.so.0.0.0
7fec79a80000-7fec79ab5000 r-xp 00000000 08:07 1064332                    /usr/lib/libpng16.so.16.34.0
7fec79ab5000-7fec79cb4000 ---p 00035000 08:07 1064332                    /usr/lib/libpng16.so.16.34.0
7fec79cb4000-7fec79cb5000 r--p 00034000 08:07 1064332                    /usr/lib/libpng16.so.16.34.0
7fec79cb5000-7fec79cb6000 rw-p 00035000 08:07 1064332                    /usr/lib/libpng16.so.16.34.0
7fec79cb6000-7fec79d55000 r-xp 00000000 08:07 1077407                    /usr/lib/libpixman-1.so.0.34.0
7fec79d55000-7fec79f55000 ---p 0009f000 08:07 1077407                    /usr/lib/libpixman-1.so.0.34.0
7fec79f55000-7fec79f5d000 r--p 0009f000 08:07 1077407                    /usr/lib/libpixman-1.so.0.34.0
7fec79f5d000-7fec79f5e000 rw-p 000a7000 08:07 1077407                    /usr/lib/libpixman-1.so.0.34.0
7fec79f5e000-7fec7a01c000 r-xp 00000000 08:07 1064882                    /usr/lib/libfreetype.so.6.15.0
7fec7a01c000-7fec7a21c000 ---p 000be000 08:07 1064882                    /usr/lib/libfreetype.so.6.15.0
7fec7a21c000-7fec7a223000 r--p 000be000 08:07 1064882                    /usr/lib/libfreetype.so.6.15.0
7fec7a223000-7fec7a224000 rw-p 000c5000 08:07 1064882                    /usr/lib/libfreetype.so.6.15.0
7fec7a224000-7fec7a230000 r-xp 00000000 08:07 1062028                    /usr/lib/libwayland-client.so.0.3.0
7fec7a230000-7fec7a430000 ---p 0000c000 08:07 1062028                    /usr/lib/libwayland-client.so.0.3.0
7fec7a430000-7fec7a432000 r--p 0000c000 08:07 1062028                    /usr/lib/libwayland-client.so.0.3.0
7fec7a432000-7fec7a433000 rw-p 0000e000 08:07 1062028                    /usr/lib/libwayland-client.so.0.3.0
7fec7a433000-7fec7a434000 r-xp 00000000 08:07 1078968                    /usr/lib/libwayland-egl.so.1.0.0
7fec7a434000-7fec7a633000 ---p 00001000 08:07 1078968                    /usr/lib/libwayland-egl.so.1.0.0
7fec7a633000-7fec7a634000 r--p 00000000 08:07 1078968                    /usr/lib/libwayland-egl.so.1.0.0
7fec7a634000-7fec7a635000 rw-p 00001000 08:07 1078968                    /usr/lib/libwayland-egl.so.1.0.0
7fec7a635000-7fec7a639000 r-xp 00000000 08:07 1062029                    /usr/lib/libwayland-cursor.so.0.0.0
7fec7a639000-7fec7a838000 ---p 00004000 08:07 1062029                    /usr/lib/libwayland-cursor.so.0.0.0
7fec7a838000-7fec7a839000 r--p 00003000 08:07 1062029                    /usr/lib/libwayland-cursor.so.0.0.0
7fec7a839000-7fec7a83d000 rw-p 00004000 08:07 1062029                    /usr/lib/libwayland-cursor.so.0.0.0
7fec7a83d000-7fec7a87b000 r-xp 00000000 08:07 1072157                    /usr/lib/libxkbcommon.so.0.0.0
7fec7a87b000-7fec7aa7a000 ---p 0003e000 08:07 1072157                    /usr/lib/libxkbcommon.so.0.0.0
7fec7aa7a000-7fec7aa7c000 r--p 0003d000 08:07 1072157                    /usr/lib/libxkbcommon.so.0.0.0
7fec7aa7c000-7fec7aa7d000 rw-p 0003f000 08:07 1072157                    /usr/lib/libxkbcommon.so.0.0.0
7fec7aa7d000-7fec7aa7f000 r-xp 00000000 08:07 1062115                    /usr/lib/libXdamage.so.1.1.0
7fec7aa7f000-7fec7ac7e000 ---p 00002000 08:07 1062115                    /usr/lib/libXdamage.so.1.1.0
7fec7ac7e000-7fec7ac7f000 r--p 00001000 08:07 1062115                    /usr/lib/libXdamage.so.1.1.0
7fec7ac7f000-7fec7ac80000 rw-p 00002000 08:07 1062115                    /usr/lib/libXdamage.so.1.1.0
7fec7ac80000-7fec7ac82000 r-xp 00000000 08:07 1078357                    /usr/lib/libXcomposite.so.1.0.0
7fec7ac82000-7fec7ae81000 ---p 00002000 08:07 1078357                    /usr/lib/libXcomposite.so.1.0.0
7fec7ae81000-7fec7ae82000 r--p 00001000 08:07 1078357                    /usr/lib/libXcomposite.so.1.0.0
7fec7ae82000-7fec7ae83000 rw-p 00002000 08:07 1078357                    /usr/lib/libXcomposite.so.1.0.0
7fec7ae83000-7fec7ae8d000 r-xp 00000000 08:07 1078291                    /usr/lib/libXcursor.so.1.0.2
7fec7ae8d000-7fec7b08c000 ---p 0000a000 08:07 1078291                    /usr/lib/libXcursor.so.1.0.2
7fec7b08c000-7fec7b08d000 r--p 00009000 08:07 1078291                    /usr/lib/libXcursor.so.1.0.2
7fec7b08d000-7fec7b08e000 rw-p 0000a000 08:07 1078291                    /usr/lib/libXcursor.so.1.0.2
7fec7b08e000-7fec7b098000 r-xp 00000000 08:07 1078315                    /usr/lib/libXrandr.so.2.2.0
7fec7b098000-7fec7b297000 ---p 0000a000 08:07 1078315                    /usr/lib/libXrandr.so.2.2.0
7fec7b297000-7fec7b298000 r--p 00009000 08:07 1078315                    /usr/lib/libXrandr.so.2.2.0
7fec7b298000-7fec7b299000 rw-p 0000a000 08:07 1078315                    /usr/lib/libXrandr.so.2.2.0
7fec7b299000-7fec7b29b000 r-xp 00000000 08:07 1078299                    /usr/lib/libXinerama.so.1.0.0
7fec7b29b000-7fec7b49a000 ---p 00002000 08:07 1078299                    /usr/lib/libXinerama.so.1.0.0
7fec7b49a000-7fec7b49b000 r--p 00001000 08:07 1078299                    /usr/lib/libXinerama.so.1.0.0
7fec7b49b000-7fec7b49c000 rw-p 00002000 08:07 1078299                    /usr/lib/libXinerama.so.1.0.0
7fec7b49c000-7fec7b5b7000 r-xp 00000000 08:07 1064489                    /usr/lib/libglib-2.0.so.0.5400.0
7fec7b5b7000-7fec7b7b6000 ---p 0011b000 08:07 1064489                    /usr/lib/libglib-2.0.so.0.5400.0
7fec7b7b6000-7fec7b7b9000 r--p 0011a000 08:07 1064489                    /usr/lib/libglib-2.0.so.0.5400.0
7fec7b7b9000-7fec7b7ba000 rw-p 0011d000 08:07 1064489                    /usr/lib/libglib-2.0.so.0.5400.0
7fec7b7ba000-7fec7b7bb000 rw-p 00000000 00:00 0 
7fec7b7bb000-7fec7b80f000 r-xp 00000000 08:07 1064490                    /usr/lib/libgobject-2.0.so.0.5400.0
7fec7b80f000-7fec7ba0e000 ---p 00054000 08:07 1064490                    /usr/lib/libgobject-2.0.so.0.5400.0
7fec7ba0e000-7fec7ba10000 r--p 00053000 08:07 1064490                    /usr/lib/libgobject-2.0.so.0.5400.0
7fec7ba10000-7fec7ba11000 rw-p 00055000 08:07 1064490                    /usr/lib/libgobject-2.0.so.0.5400.0
7fec7ba11000-7fec7bbb0000 r-xp 00000000 08:07 1064493                    /usr/lib/libgio-2.0.so.0.5400.0
7fec7bbb0000-7fec7bdb0000 ---p 0019f000 08:07 1064493                    /usr/lib/libgio-2.0.so.0.5400.0
7fec7bdb0000-7fec7bdb9000 r--p 0019f000 08:07 1064493                    /usr/lib/libgio-2.0.so.0.5400.0
7fec7bdb9000-7fec7bdba000 rw-p 001a8000 08:07 1064493                    /usr/lib/libgio-2.0.so.0.5400.0
7fec7bdba000-7fec7bdbb000 rw-p 00000000 00:00 0 
7fec7bdbb000-7fec7bdf9000 r-xp 00000000 08:07 1109439                    /usr/lib/libfontconfig.so.1.10.1
7fec7bdf9000-7fec7bff9000 ---p 0003e000 08:07 1109439                    /usr/lib/libfontconfig.so.1.10.1
7fec7bff9000-7fec7bffb000 r--p 0003e000 08:07 1109439                    /usr/lib/libfontconfig.so.1.10.1
7fec7bffb000-7fec7c000000 rw-p 00040000 08:07 1109439                    /usr/lib/libfontconfig.so.1.10.1
7fec7c000000-7fec7c021000 rw-p 00000000 00:00 0 
7fec7c021000-7fec80000000 ---p 00000000 00:00 0 
7fec80110000-7fec8015c000 r-xp 00000000 08:07 1061925                    /usr/lib/libpango-1.0.so.0.4000.13
7fec8015c000-7fec8035b000 ---p 0004c000 08:07 1061925                    /usr/lib/libpango-1.0.so.0.4000.13
7fec8035b000-7fec8035e000 r--p 0004b000 08:07 1061925                    /usr/lib/libpango-1.0.so.0.4000.13
7fec8035e000-7fec8035f000 rw-p 0004e000 08:07 1061925                    /usr/lib/libpango-1.0.so.0.4000.13
7fec8035f000-7fec80372000 r-xp 00000000 08:07 1061927                    /usr/lib/libpangoft2-1.0.so.0.4000.13
7fec80372000-7fec80571000 ---p 00013000 08:07 1061927                    /usr/lib/libpangoft2-1.0.so.0.4000.13
7fec80571000-7fec80572000 r--p 00012000 08:07 1061927                    /usr/lib/libpangoft2-1.0.so.0.4000.13
7fec80572000-7fec80573000 rw-p 00013000 08:07 1061927                    /usr/lib/libpangoft2-1.0.so.0.4000.13
7fec80573000-7fec80652000 r-xp 00000000 08:07 1077896                    /usr/lib/libepoxy.so.0.0.0
7fec80652000-7fec80851000 ---p 000df000 08:07 1077896                    /usr/lib/libepoxy.so.0.0.0
7fec80851000-7fec80852000 r--p 000de000 08:07 1077896                    /usr/lib/libepoxy.so.0.0.0
7fec80852000-7fec80859000 rw-p 000df000 08:07 1077896                    /usr/lib/libepoxy.so.0.0.0
7fec80859000-7fec80888000 r-xp 00000000 08:07 1078413                    /usr/lib/libatk-bridge-2.0.so.0.0.0
7fec80888000-7fec80a87000 ---p 0002f000 08:07 1078413                    /usr/lib/libatk-bridge-2.0.so.0.0.0
7fec80a87000-7fec80a89000 r--p 0002e000 08:07 1078413                    /usr/lib/libatk-bridge-2.0.so.0.0.0
7fec80a89000-7fec80a8a000 rw-p 00030000 08:07 1078413                    /usr/lib/libatk-bridge-2.0.so.0.0.0
7fec80a8a000-7fec80a8b000 rw-p 00000000 00:00 0 
7fec80a8b000-7fec80aae000 r-xp 00000000 08:07 1078209                    /usr/lib/libatk-1.0.so.0.22610.1
7fec80aae000-7fec80cad000 ---p 00023000 08:07 1078209                    /usr/lib/libatk-1.0.so.0.22610.1
7fec80cad000-7fec80cb0000 r--p 00022000 08:07 1078209                    /usr/lib/libatk-1.0.so.0.22610.1
7fec80cb0000-7fec80cb1000 rw-p 00025000 08:07 1078209                    /usr/lib/libatk-1.0.so.0.22610.1
7fec80cb1000-7fec80cd4000 r-xp 00000000 08:07 1078414                    /usr/lib/libgdk_pixbuf-2.0.so.0.3600.10
7fec80cd4000-7fec80ed3000 ---p 00023000 08:07 1078414                    /usr/lib/libgdk_pixbuf-2.0.so.0.3600.10
7fec80ed3000-7fec80ed4000 r--p 00022000 08:07 1078414                    /usr/lib/libgdk_pixbuf-2.0.so.0.3600.10
7fec80ed4000-7fec80ed5000 rw-p 00023000 08:07 1078414                    /usr/lib/libgdk_pixbuf-2.0.so.0.3600.10
7fec80ed5000-7fec80fee000 r-xp 00000000 08:07 1077426                    /usr/lib/libcairo.so.2.11508.0
7fec80fee000-7fec811ed000 ---p 00119000 08:07 1077426                    /usr/lib/libcairo.so.2.11508.0
7fec811ed000-7fec811f1000 r--p 00118000 08:07 1077426                    /usr/lib/libcairo.so.2.11508.0
7fec811f1000-7fec811f2000 rw-p 0011c000 08:07 1077426                    /usr/lib/libcairo.so.2.11508.0
7fec811f2000-7fec811f3000 rw-p 00000000 00:00 0 
7fec811f3000-7fec811fa000 r-xp 00000000 08:07 1077427                    /usr/lib/libcairo-gobject.so.2.11508.0
7fec811fa000-7fec813f9000 ---p 00007000 08:07 1077427                    /usr/lib/libcairo-gobject.so.2.11508.0
7fec813f9000-7fec813fb000 r--p 00006000 08:07 1077427                    /usr/lib/libcairo-gobject.so.2.11508.0
7fec813fb000-7fec813fc000 rw-p 00008000 08:07 1077427                    /usr/lib/libcairo-gobject.so.2.11508.0
7fec813fc000-7fec81401000 r-xp 00000000 08:07 1062095                    /usr/lib/libXfixes.so.3.1.0
7fec81401000-7fec81600000 ---p 00005000 08:07 1062095                    /usr/lib/libXfixes.so.3.1.0
7fec81600000-7fec81601000 r--p 00004000 08:07 1062095                    /usr/lib/libXfixes.so.3.1.0
7fec81601000-7fec81602000 rw-p 00005000 08:07 1062095                    /usr/lib/libXfixes.so.3.1.0
7fec81602000-7fec8160e000 r-xp 00000000 08:07 1061929                    /usr/lib/libpangocairo-1.0.so.0.4000.13
7fec8160e000-7fec8180d000 ---p 0000c000 08:07 1061929                    /usr/lib/libpangocairo-1.0.so.0.4000.13
7fec8180d000-7fec8180e000 r--p 0000b000 08:07 1061929                    /usr/lib/libpangocairo-1.0.so.0.4000.13
7fec8180e000-7fec8180f000 rw-p 0000c000 08:07 1061929                    /usr/lib/libpangocairo-1.0.so.0.4000.13
7fec8180f000-7fec81812000 r-xp 00000000 08:07 1064492                    /usr/lib/libgmodule-2.0.so.0.5400.0
7fec81812000-7fec81a11000 ---p 00003000 08:07 1064492                    /usr/lib/libgmodule-2.0.so.0.5400.0
7fec81a11000-7fec81a12000 r--p 00002000 08:07 1064492                    /usr/lib/libgmodule-2.0.so.0.5400.0
7fec81a12000-7fec81a13000 rw-p 00003000 08:07 1064492                    /usr/lib/libgmodule-2.0.so.0.5400.0
7fec81a13000-7fec81b00000 r-xp 00000000 08:07 1079595                    /usr/lib/libgdk-3.so.0.2200.26
7fec81b00000-7fec81d00000 ---p 000ed000 08:07 1079595                    /usr/lib/libgdk-3.so.0.2200.26
7fec81d00000-7fec81d08000 r--p 000ed000 08:07 1079595                    /usr/lib/libgdk-3.so.0.2200.26
7fec81d08000-7fec81d0a000 rw-p 000f5000 08:07 1079595                    /usr/lib/libgdk-3.so.0.2200.26
7fec81d0a000-7fec81d20000 r-xp 00000000 08:07 1058430                    /usr/lib/libgcc_s.so.1
7fec81d20000-7fec81f1f000 ---p 00016000 08:07 1058430                    /usr/lib/libgcc_s.so.1
7fec81f1f000-7fec81f20000 r--p 00015000 08:07 1058430                    /usr/lib/libgcc_s.so.1
7fec81f20000-7fec81f21000 rw-p 00016000 08:07 1058430                    /usr/lib/libgcc_s.so.1
7fec81f21000-7fec82626000 r-xp 00000000 08:07 1079596                    /usr/lib/libgtk-3.so.0.2200.26
7fec82626000-7fec82826000 ---p 00705000 08:07 1079596                    /usr/lib/libgtk-3.so.0.2200.26
7fec82826000-7fec82835000 r--p 00705000 08:07 1079596                    /usr/lib/libgtk-3.so.0.2200.26
7fec82835000-7fec82837000 rw-p 00714000 08:07 1079596                    /usr/lib/libgtk-3.so.0.2200.26
7fec82837000-7fec8283c000 rw-p 00000000 00:00 0 
7fec8283c000-7fec828ff000 r-xp 00000000 08:09 269355                     /home/yousuf/Workspace/gfx/ticks/tick2/lib/lwjgl/native/liblwjgl.so
7fec828ff000-7fec82aff000 ---p 000c3000 08:09 269355                     /home/yousuf/Workspace/gfx/ticks/tick2/lib/lwjgl/native/liblwjgl.so
7fec82aff000-7fec82b01000 rw-p 000c3000 08:09 269355                     /home/yousuf/Workspace/gfx/ticks/tick2/lib/lwjgl/native/liblwjgl.so
7fec82b01000-7fec82b04000 ---p 00000000 00:00 0 
7fec82b04000-7fec82c02000 rw-p 00000000 00:00 0 
7fec82c02000-7fec82c07000 r-xp 00000000 08:07 1054409                    /usr/lib/libXdmcp.so.6.0.0
7fec82c07000-7fec82e06000 ---p 00005000 08:07 1054409                    /usr/lib/libXdmcp.so.6.0.0
7fec82e06000-7fec82e07000 r--p 00004000 08:07 1054409                    /usr/lib/libXdmcp.so.6.0.0
7fec82e07000-7fec82e08000 rw-p 00005000 08:07 1054409                    /usr/lib/libXdmcp.so.6.0.0
7fec82e08000-7fec82e0a000 r-xp 00000000 08:07 1054414                    /usr/lib/libXau.so.6.0.0
7fec82e0a000-7fec8300a000 ---p 00002000 08:07 1054414                    /usr/lib/libXau.so.6.0.0
7fec8300a000-7fec8300b000 r--p 00002000 08:07 1054414                    /usr/lib/libXau.so.6.0.0
7fec8300b000-7fec8300c000 rw-p 00003000 08:07 1054414                    /usr/lib/libXau.so.6.0.0
7fec8300c000-7fec83034000 r-xp 00000000 08:07 1054477                    /usr/lib/libxcb.so.1.1.0
7fec83034000-7fec83233000 ---p 00028000 08:07 1054477                    /usr/lib/libxcb.so.1.1.0
7fec83233000-7fec83234000 r--p 00027000 08:07 1054477                    /usr/lib/libxcb.so.1.1.0
7fec83234000-7fec83235000 rw-p 00028000 08:07 1054477                    /usr/lib/libxcb.so.1.1.0
7fec83235000-7fec83244000 r-xp 00000000 08:07 1065204                    /usr/lib/libXi.so.6.1.0
7fec83244000-7fec83444000 ---p 0000f000 08:07 1065204                    /usr/lib/libXi.so.6.1.0
7fec83444000-7fec83445000 r--p 0000f000 08:07 1065204                    /usr/lib/libXi.so.6.1.0
7fec83445000-7fec83446000 rw-p 00010000 08:07 1065204                    /usr/lib/libXi.so.6.1.0
7fec83446000-7fec8344b000 r-xp 00000000 08:07 1076819                    /usr/lib/libXtst.so.6.1.0
7fec8344b000-7fec8364a000 ---p 00005000 08:07 1076819                    /usr/lib/libXtst.so.6.1.0
7fec8364a000-7fec8364b000 r--p 00004000 08:07 1076819                    /usr/lib/libXtst.so.6.1.0
7fec8364b000-7fec8364c000 rw-p 00005000 08:07 1076819                    /usr/lib/libXtst.so.6.1.0
7fec8364c000-7fec83655000 r-xp 00000000 08:07 1065119                    /usr/lib/libXrender.so.1.3.0
7fec83655000-7fec83855000 ---p 00009000 08:07 1065119                    /usr/lib/libXrender.so.1.3.0
7fec83855000-7fec83856000 r--p 00009000 08:07 1065119                    /usr/lib/libXrender.so.1.3.0
7fec83856000-7fec83857000 rw-p 0000a000 08:07 1065119                    /usr/lib/libXrender.so.1.3.0
7fec83857000-7fec83990000 r-xp 00000000 08:07 1058105                    /usr/lib/libX11.so.6.3.0
7fec83990000-7fec83b90000 ---p 00139000 08:07 1058105                    /usr/lib/libX11.so.6.3.0
7fec83b90000-7fec83b91000 r--p 00139000 08:07 1058105                    /usr/lib/libX11.so.6.3.0
7fec83b91000-7fec83b96000 rw-p 0013a000 08:07 1058105                    /usr/lib/libX11.so.6.3.0
7fec83b96000-7fec83ba7000 r-xp 00000000 08:07 1058247                    /usr/lib/libXext.so.6.4.0
7fec83ba7000-7fec83da6000 ---p 00011000 08:07 1058247                    /usr/lib/libXext.so.6.4.0
7fec83da6000-7fec83da7000 r--p 00010000 08:07 1058247                    /usr/lib/libXext.so.6.4.0
7fec83da7000-7fec83da8000 rw-p 00011000 08:07 1058247                    /usr/lib/libXext.so.6.4.0
7fec83da8000-7fec83dfc000 r-xp 00000000 08:07 810038                     /usr/lib/jvm/java-8-openjdk/jre/lib/amd64/libawt_xawt.so
7fec83dfc000-7fec83ffb000 ---p 00054000 08:07 810038                     /usr/lib/jvm/java-8-openjdk/jre/lib/amd64/libawt_xawt.so
7fec83ffb000-7fec83ffc000 r--p 00053000 08:07 810038                     /usr/lib/jvm/java-8-openjdk/jre/lib/amd64/libawt_xawt.so
7fec83ffc000-7fec83fff000 rw-p 00054000 08:07 810038                     /usr/lib/jvm/java-8-openjdk/jre/lib/amd64/libawt_xawt.so
7fec83fff000-7fec84000000 rw-p 00000000 00:00 0 
7fec84000000-7fec84021000 rw-p 00000000 00:00 0 
7fec84021000-7fec88000000 ---p 00000000 00:00 0 
7fec88000000-7fec88021000 rw-p 00000000 00:00 0 
7fec88021000-7fec8c000000 ---p 00000000 00:00 0 
7fec8c000000-7fec8c245000 rw-p 00000000 00:00 0 
7fec8c245000-7fec90000000 ---p 00000000 00:00 0 
7fec90000000-7fec90249000 rw-p 00000000 00:00 0 
7fec90249000-7fec94000000 ---p 00000000 00:00 0 
7fec94000000-7fec94021000 rw-p 00000000 00:00 0 
7fec94021000-7fec98000000 ---p 00000000 00:00 0 
7fec98000000-7fec98246000 rw-p 00000000 00:00 0 
7fec98246000-7fec9c000000 ---p 00000000 00:00 0 
7fec9c000000-7fec9c021000 rw-p 00000000 00:00 0 
7fec9c021000-7feca0000000 ---p 00000000 00:00 0 
7feca0000000-7feca0021000 rw-p 00000000 00:00 0 
7feca0021000-7feca4000000 ---p 00000000 00:00 0 
7feca4000000-7feca4021000 rw-p 00000000 00:00 0 
7feca4021000-7feca8000000 ---p 00000000 00:00 0 
7feca8000000-7feca8021000 rw-p 00000000 00:00 0 
7feca8021000-7fecac000000 ---p 00000000 00:00 0 
7fecac000000-7fecac021000 rw-p 00000000 00:00 0 
7fecac021000-7fecb0000000 ---p 00000000 00:00 0 
7fecb0000000-7fecb0021000 rw-p 00000000 00:00 0 
7fecb0021000-7fecb4000000 ---p 00000000 00:00 0 
7fecb4000000-7fecb4021000 rw-p 00000000 00:00 0 
7fecb4021000-7fecb8000000 ---p 00000000 00:00 0 
7fecb8056000-7fecb80f7000 r-xp 00000000 08:07 810031                     /usr/lib/jvm/java-8-openjdk/jre/lib/amd64/libawt.so
7fecb80f7000-7fecb82f6000 ---p 000a1000 08:07 810031                     /usr/lib/jvm/java-8-openjdk/jre/lib/amd64/libawt.so
7fecb82f6000-7fecb82f7000 r--p 000a0000 08:07 810031                     /usr/lib/jvm/java-8-openjdk/jre/lib/amd64/libawt.so
7fecb82f7000-7fecb8302000 rw-p 000a1000 08:07 810031                     /usr/lib/jvm/java-8-openjdk/jre/lib/amd64/libawt.so
7fecb8302000-7fecb8327000 rw-p 00000000 00:00 0 
7fecb8327000-7fecb8328000 ---p 00000000 00:00 0 
7fecb8328000-7fecb8428000 rw-p 00000000 00:00 0 
7fecb8428000-7fecb842b000 ---p 00000000 00:00 0 
7fecb842b000-7fecb8529000 rw-p 00000000 00:00 0 
7fecb8529000-7fecb852c000 ---p 00000000 00:00 0 
7fecb852c000-7fecb862a000 rw-p 00000000 00:00 0 
7fecb862a000-7fecb862d000 ---p 00000000 00:00 0 
7fecb862d000-7fecb872b000 rw-p 00000000 00:00 0 
7fecb872b000-7fecb872e000 ---p 00000000 00:00 0 
7fecb872e000-7fecb882c000 rw-p 00000000 00:00 0 
7fecb882c000-7fecb882f000 ---p 00000000 00:00 0 
7fecb882f000-7fecb892d000 rw-p 00000000 00:00 0 
7fecb892d000-7fecb8ac8000 r--p 00000000 08:07 1127679                    /usr/lib/locale/locale-archive
7fecb8ac8000-7fecb8acb000 ---p 00000000 00:00 0 
7fecb8acb000-7fecb8bc9000 rw-p 00000000 00:00 0 
7fecb8bc9000-7fecb8bcc000 ---p 00000000 00:00 0 
7fecb8bcc000-7fecb8cca000 rw-p 00000000 00:00 0 
7fecb8cca000-7fecb8ccb000 ---p 00000000 00:00 0 
7fecb8ccb000-7fecbd000000 rw-p 00000000 00:00 0 
7fecbd000000-7fecbd2f0000 rwxp 00000000 00:00 0 
7fecbd2f0000-7feccc000000 ---p 00000000 00:00 0 
7feccc000000-7fecccfc5000 rw-p 00000000 00:00 0 
7fecccfc5000-7fecd0000000 ---p 00000000 00:00 0 
7fecd0012000-7fecd0015000 rwxp 00000000 00:00 0 
7fecd0015000-7fecd0055000 rw-s 00000000 08:09 262298                     /home/yousuf/#262298 (deleted)
7fecd0055000-7fecd0095000 r-xs 00000000 08:09 262298                     /home/yousuf/#262298 (deleted)
7fecd009e000-7fecd009f000 rwxp 00000000 00:00 0 
7fecd00a8000-7fecd00ad000 r--s 0009a000 08:07 161755                     /usr/lib/jvm/java-8-openjdk/jre/lib/jsse.jar
7fecd00ad000-7fecd00b2000 r--s 002f9000 08:07 161752                     /usr/lib/jvm/java-8-openjdk/jre/lib/charsets.jar
7fecd00b2000-7fecd00d7000 r--s 0028a000 08:09 269340                     /home/yousuf/Workspace/gfx/ticks/tick2/lib/lwjgl/jar/lwjgl.jar
7fecd00d7000-7fecd00db000 r--s 0009a000 08:09 269316                     /home/yousuf/Workspace/gfx/ticks/tick2/lib/JOML/joml.jar
7fecd00db000-7fecd00e0000 r--s 002f9000 08:07 161752                     /usr/lib/jvm/java-8-openjdk/jre/lib/charsets.jar
7fecd00e0000-7fecd00e5000 r--s 0009a000 08:07 161755                     /usr/lib/jvm/java-8-openjdk/jre/lib/jsse.jar
7fecd00e5000-7fecd00f8000 r--s 00346000 08:07 161753                     /usr/lib/jvm/java-8-openjdk/jre/lib/resources.jar
7fecd00f8000-7fecd0bb3000 rw-p 00000000 00:00 0 
7fecd0bb3000-7fecd0d81000 r--s 03c15000 08:07 161748                     /usr/lib/jvm/java-8-openjdk/jre/lib/rt.jar
7fecd0d81000-7fecd19ca000 rw-p 00000000 00:00 0 
7fecd19ca000-7fecd19cb000 ---p 00000000 00:00 0 
7fecd19cb000-7fecd1acb000 rw-p 00000000 00:00 0 
7fecd1acb000-7fecd1acc000 ---p 00000000 00:00 0 
7fecd1acc000-7fecd1bcc000 rw-p 00000000 00:00 0 
7fecd1bcc000-7fecd1bcd000 ---p 00000000 00:00 0 
7fecd1bcd000-7fecd1ccd000 rw-p 00000000 00:00 0 
7fecd1ccd000-7fecd1cce000 ---p 00000000 00:00 0 
7fecd1cce000-7fecd1df8000 rw-p 00000000 00:00 0 
7fecd1df8000-7fecd205b000 ---p 00000000 00:00 0 
7fecd205b000-7fecd2085000 rw-p 00000000 00:00 0 
7fecd2085000-7fecd22e7000 ---p 00000000 00:00 0 
7fecd22e7000-7fecd22fd000 rw-p 00000000 00:00 0 
7fecd22fd000-7fecd242e000 ---p 00000000 00:00 0 
7fecd242e000-7fecd243b000 rw-p 00000000 00:00 0 
7fecd243b000-7fecd27ef000 ---p 00000000 00:00 0 
7fecd27ef000-7fecd27f7000 r-xp 00000000 08:07 810051                     /usr/lib/jvm/java-8-openjdk/jre/lib/amd64/libzip.so
7fecd27f7000-7fecd29f6000 ---p 00008000 08:07 810051                     /usr/lib/jvm/java-8-openjdk/jre/lib/amd64/libzip.so
7fecd29f6000-7fecd29f7000 r--p 00007000 08:07 810051                     /usr/lib/jvm/java-8-openjdk/jre/lib/amd64/libzip.so
7fecd29f7000-7fecd29f8000 rw-p 00008000 08:07 810051                     /usr/lib/jvm/java-8-openjdk/jre/lib/amd64/libzip.so
7fecd29f8000-7fecd2a03000 r-xp 00000000 08:07 1052929                    /usr/lib/libnss_files-2.26.so
7fecd2a03000-7fecd2c02000 ---p 0000b000 08:07 1052929                    /usr/lib/libnss_files-2.26.so
7fecd2c02000-7fecd2c03000 r--p 0000a000 08:07 1052929                    /usr/lib/libnss_files-2.26.so
7fecd2c03000-7fecd2c04000 rw-p 0000b000 08:07 1052929                    /usr/lib/libnss_files-2.26.so
7fecd2c04000-7fecd2c0a000 rw-p 00000000 00:00 0 
7fecd2c0a000-7fecd2c15000 r-xp 00000000 08:07 1052926                    /usr/lib/libnss_nis-2.26.so
7fecd2c15000-7fecd2e14000 ---p 0000b000 08:07 1052926                    /usr/lib/libnss_nis-2.26.so
7fecd2e14000-7fecd2e15000 r--p 0000a000 08:07 1052926                    /usr/lib/libnss_nis-2.26.so
7fecd2e15000-7fecd2e16000 rw-p 0000b000 08:07 1052926                    /usr/lib/libnss_nis-2.26.so
7fecd2e16000-7fecd2e2a000 r-xp 00000000 08:07 1052922                    /usr/lib/libnsl-2.26.so
7fecd2e2a000-7fecd302a000 ---p 00014000 08:07 1052922                    /usr/lib/libnsl-2.26.so
7fecd302a000-7fecd302b000 r--p 00014000 08:07 1052922                    /usr/lib/libnsl-2.26.so
7fecd302b000-7fecd302c000 rw-p 00015000 08:07 1052922                    /usr/lib/libnsl-2.26.so
7fecd302c000-7fecd302e000 rw-p 00000000 00:00 0 
7fecd302e000-7fecd3035000 r-xp 00000000 08:07 1052932                    /usr/lib/libnss_compat-2.26.so
7fecd3035000-7fecd3234000 ---p 00007000 08:07 1052932                    /usr/lib/libnss_compat-2.26.so
7fecd3234000-7fecd3235000 r--p 00006000 08:07 1052932                    /usr/lib/libnss_compat-2.26.so
7fecd3235000-7fecd3236000 rw-p 00007000 08:07 1052932                    /usr/lib/libnss_compat-2.26.so
7fecd3236000-7fecd3264000 r-xp 00000000 08:07 810035                     /usr/lib/jvm/java-8-openjdk/jre/lib/amd64/libjava.so
7fecd3264000-7fecd3463000 ---p 0002e000 08:07 810035                     /usr/lib/jvm/java-8-openjdk/jre/lib/amd64/libjava.so
7fecd3463000-7fecd3464000 r--p 0002d000 08:07 810035                     /usr/lib/jvm/java-8-openjdk/jre/lib/amd64/libjava.so
7fecd3464000-7fecd3466000 rw-p 0002e000 08:07 810035                     /usr/lib/jvm/java-8-openjdk/jre/lib/amd64/libjava.so
7fecd3466000-7fecd3473000 r-xp 00000000 08:07 810025                     /usr/lib/jvm/java-8-openjdk/jre/lib/amd64/libverify.so
7fecd3473000-7fecd3672000 ---p 0000d000 08:07 810025                     /usr/lib/jvm/java-8-openjdk/jre/lib/amd64/libverify.so
7fecd3672000-7fecd3674000 r--p 0000c000 08:07 810025                     /usr/lib/jvm/java-8-openjdk/jre/lib/amd64/libverify.so
7fecd3674000-7fecd3675000 rw-p 0000e000 08:07 810025                     /usr/lib/jvm/java-8-openjdk/jre/lib/amd64/libverify.so
7fecd3675000-7fecd367c000 r-xp 00000000 08:07 1052913                    /usr/lib/librt-2.26.so
7fecd367c000-7fecd387b000 ---p 00007000 08:07 1052913                    /usr/lib/librt-2.26.so
7fecd387b000-7fecd387c000 r--p 00006000 08:07 1052913                    /usr/lib/librt-2.26.so
7fecd387c000-7fecd387d000 rw-p 00007000 08:07 1052913                    /usr/lib/librt-2.26.so
7fecd387d000-7fecd39c8000 r-xp 00000000 08:07 1052923                    /usr/lib/libm-2.26.so
7fecd39c8000-7fecd3bc7000 ---p 0014b000 08:07 1052923                    /usr/lib/libm-2.26.so
7fecd3bc7000-7fecd3bc8000 r--p 0014a000 08:07 1052923                    /usr/lib/libm-2.26.so
7fecd3bc8000-7fecd3bc9000 rw-p 0014b000 08:07 1052923                    /usr/lib/libm-2.26.so
7fecd3bc9000-7fecd486c000 r-xp 00000000 08:07 810056                     /usr/lib/jvm/java-8-openjdk/jre/lib/amd64/server/libjvm.so
7fecd486c000-7fecd4a6c000 ---p 00ca3000 08:07 810056                     /usr/lib/jvm/java-8-openjdk/jre/lib/amd64/server/libjvm.so
7fecd4a6c000-7fecd4b00000 r--p 00ca3000 08:07 810056                     /usr/lib/jvm/java-8-openjdk/jre/lib/amd64/server/libjvm.so
7fecd4b00000-7fecd4b28000 rw-p 00d37000 08:07 810056                     /usr/lib/jvm/java-8-openjdk/jre/lib/amd64/server/libjvm.so
7fecd4b28000-7fecd4b59000 rw-p 00000000 00:00 0 
7fecd4b59000-7fecd4d07000 r-xp 00000000 08:07 1052989                    /usr/lib/libc-2.26.so
7fecd4d07000-7fecd4f07000 ---p 001ae000 08:07 1052989                    /usr/lib/libc-2.26.so
7fecd4f07000-7fecd4f0b000 r--p 001ae000 08:07 1052989                    /usr/lib/libc-2.26.so
7fecd4f0b000-7fecd4f0d000 rw-p 001b2000 08:07 1052989                    /usr/lib/libc-2.26.so
7fecd4f0d000-7fecd4f11000 rw-p 00000000 00:00 0 
7fecd4f11000-7fecd4f14000 r-xp 00000000 08:07 1052924                    /usr/lib/libdl-2.26.so
7fecd4f14000-7fecd5113000 ---p 00003000 08:07 1052924                    /usr/lib/libdl-2.26.so
7fecd5113000-7fecd5114000 r--p 00002000 08:07 1052924                    /usr/lib/libdl-2.26.so
7fecd5114000-7fecd5115000 rw-p 00003000 08:07 1052924                    /usr/lib/libdl-2.26.so
7fecd5115000-7fecd5123000 r-xp 00000000 08:07 810059                     /usr/lib/jvm/java-8-openjdk/jre/lib/amd64/jli/libjli.so
7fecd5123000-7fecd5322000 ---p 0000e000 08:07 810059                     /usr/lib/jvm/java-8-openjdk/jre/lib/amd64/jli/libjli.so
7fecd5322000-7fecd5323000 r--p 0000d000 08:07 810059                     /usr/lib/jvm/java-8-openjdk/jre/lib/amd64/jli/libjli.so
7fecd5323000-7fecd5324000 rw-p 0000e000 08:07 810059                     /usr/lib/jvm/java-8-openjdk/jre/lib/amd64/jli/libjli.so
7fecd5324000-7fecd533a000 r-xp 00000000 08:07 1058368                    /usr/lib/libz.so.1.2.11
7fecd533a000-7fecd5539000 ---p 00016000 08:07 1058368                    /usr/lib/libz.so.1.2.11
7fecd5539000-7fecd553a000 r--p 00015000 08:07 1058368                    /usr/lib/libz.so.1.2.11
7fecd553a000-7fecd553b000 rw-p 00016000 08:07 1058368                    /usr/lib/libz.so.1.2.11
7fecd553b000-7fecd5554000 r-xp 00000000 08:07 1053011                    /usr/lib/libpthread-2.26.so
7fecd5554000-7fecd5753000 ---p 00019000 08:07 1053011                    /usr/lib/libpthread-2.26.so
7fecd5753000-7fecd5754000 r--p 00018000 08:07 1053011                    /usr/lib/libpthread-2.26.so
7fecd5754000-7fecd5755000 rw-p 00019000 08:07 1053011                    /usr/lib/libpthread-2.26.so
7fecd5755000-7fecd5759000 rw-p 00000000 00:00 0 
7fecd5759000-7fecd577e000 r-xp 00000000 08:07 1052990                    /usr/lib/ld-2.26.so
7fecd577e000-7fecd5843000 rw-p 00000000 00:00 0 
7fecd5843000-7fecd5846000 ---p 00000000 00:00 0 
7fecd5846000-7fecd5946000 rw-p 00000000 00:00 0 
7fecd5946000-7fecd5947000 r--p 00000000 08:07 1106941                    /usr/share/locale/en_GB/LC_MESSAGES/libc.mo
7fecd5947000-7fecd594a000 r--s 00015000 08:07 161758                     /usr/lib/jvm/java-8-openjdk/jre/lib/jce.jar
7fecd594a000-7fecd5971000 rw-p 00000000 00:00 0 
7fecd5971000-7fecd5979000 rw-s 00000000 00:28 13288668                   /tmp/hsperfdata_yousuf/21722 (deleted)
7fecd5979000-7fecd597a000 rw-p 00000000 00:00 0 
7fecd597a000-7fecd597b000 ---p 00000000 00:00 0 
7fecd597b000-7fecd597d000 rw-p 00000000 00:00 0 
7fecd597d000-7fecd597e000 r--p 00024000 08:07 1052990                    /usr/lib/ld-2.26.so
7fecd597e000-7fecd597f000 rw-p 00025000 08:07 1052990                    /usr/lib/ld-2.26.so
7fecd597f000-7fecd5980000 rw-p 00000000 00:00 0 
7ffebe451000-7ffebe472000 rw-p 00000000 00:00 0                          [stack]
7ffebe4c4000-7ffebe4c7000 r--p 00000000 00:00 0                          [vvar]
7ffebe4c7000-7ffebe4c9000 r-xp 00000000 00:00 0                          [vdso]
ffffffffff600000-ffffffffff601000 r-xp 00000000 00:00 0                  [vsyscall]

VM Arguments:
jvm_args: -Djava.library.path=lib/lwjgl/native -Dfile.encoding=UTF-8 
java_command: uk.ac.cam.cl.gfxintro.ym346.tick2.Tick2
java_class_path (initial): /usr/lib/jvm/java-8-openjdk/jre/lib/resources.jar:/usr/lib/jvm/java-8-openjdk/jre/lib/rt.jar:/usr/lib/jvm/java-8-openjdk/jre/lib/jsse.jar:/usr/lib/jvm/java-8-openjdk/jre/lib/jce.jar:/usr/lib/jvm/java-8-openjdk/jre/lib/charsets.jar:/usr/lib/jvm/java-8-openjdk/jre/lib/ext/cldrdata.jar:/usr/lib/jvm/java-8-openjdk/jre/lib/ext/localedata.jar:/usr/lib/jvm/java-8-openjdk/jre/lib/ext/sunjce_provider.jar:/usr/lib/jvm/java-8-openjdk/jre/lib/ext/dnsns.jar:/usr/lib/jvm/java-8-openjdk/jre/lib/ext/sunec.jar:/usr/lib/jvm/java-8-openjdk/jre/lib/ext/zipfs.jar:/usr/lib/jvm/java-8-openjdk/jre/lib/ext/nashorn.jar:/usr/lib/jvm/java-8-openjdk/jre/lib/ext/jaccess.jar:/usr/lib/jvm/java-8-openjdk/jre/lib/ext/sunpkcs11.jar:/home/yousuf/Workspace/gfx/ticks/tick2/bin:/home/yousuf/Workspace/gfx/ticks/tick2/lib/JOML/joml.jar:/home/yousuf/Workspace/gfx/ticks/tick2/lib/lwjgl/jar/lwjgl.jar
Launcher Type: SUN_STANDARD

Environment Variables:
PATH=/usr/local/sbin:/usr/local/bin:/usr/bin:/usr/lib/jvm/default/bin:/usr/bin/site_perl:/usr/bin/vendor_perl:/usr/bin/core_perl
SHELL=/usr/bin/zsh
DISPLAY=:0

Signal Handlers:
SIGSEGV: [libjvm.so+0xaa46c0], sa_mask[0]=11111111011111111101111111111110, sa_flags=SA_RESTART|SA_SIGINFO
SIGBUS: [libjvm.so+0xaa46c0], sa_mask[0]=11111111011111111101111111111110, sa_flags=SA_RESTART|SA_SIGINFO
SIGFPE: [libjvm.so+0x8dc3d0], sa_mask[0]=11111111011111111101111111111110, sa_flags=SA_RESTART|SA_SIGINFO
SIGPIPE: [libjvm.so+0x8dc3d0], sa_mask[0]=11111111011111111101111111111110, sa_flags=SA_RESTART|SA_SIGINFO
SIGXFSZ: [libjvm.so+0x8dc3d0], sa_mask[0]=11111111011111111101111111111110, sa_flags=SA_RESTART|SA_SIGINFO
SIGILL: [libjvm.so+0x8dc3d0], sa_mask[0]=11111111011111111101111111111110, sa_flags=SA_RESTART|SA_SIGINFO
SIGUSR1: SIG_DFL, sa_mask[0]=00000000000000000000000000000000, sa_flags=none
SIGUSR2: [libjvm.so+0x8dc280], sa_mask[0]=00100000000000000000000000000000, sa_flags=SA_RESTART|SA_SIGINFO
SIGHUP: [libjvm.so+0x8dc730], sa_mask[0]=11111111011111111101111111111110, sa_flags=SA_RESTART|SA_SIGINFO
SIGINT: [libjvm.so+0x8dc730], sa_mask[0]=11111111011111111101111111111110, sa_flags=SA_RESTART|SA_SIGINFO
SIGTERM: [libjvm.so+0x8dc730], sa_mask[0]=11111111011111111101111111111110, sa_flags=SA_RESTART|SA_SIGINFO
SIGQUIT: [libjvm.so+0x8dc730], sa_mask[0]=11111111011111111101111111111110, sa_flags=SA_RESTART|SA_SIGINFO


---------------  S Y S T E M  ---------------

OS:NAME="Antergos Linux"
VERSION="17.9-ISO-Rolling"
ID="antergos"
ID_LIKE="arch"
PRETTY_NAME="Antergos Linux"
CPE_NAME="cpe:/o:antergosproject:antergos:17.9"
ANSI_COLOR="1;34;40"
HOME_URL="https://antergos.com/"
SUPPORT_URL="https://forum.antergos.com/"
BUG_REPORT_URL="https://github.com/antergos"


uname:Linux 4.13.11-1-ARCH #1 SMP PREEMPT Thu Nov 2 10:25:56 CET 2017 x86_64
libc:glibc 2.26 NPTL 2.26 
rlimit: STACK 8192k, CORE infinity, NPROC 31027, NOFILE 4096, AS infinity
load average:1.33 1.17 0.91

/proc/meminfo:
MemTotal:        8018236 kB
MemFree:          902940 kB
MemAvailable:    3342464 kB
Buffers:          165232 kB
Cached:          1911880 kB
SwapCached:         3352 kB
Active:          4651704 kB
Inactive:        2150736 kB
Active(anon):    3627860 kB
Inactive(anon):   569508 kB
Active(file):    1023844 kB
Inactive(file):  1581228 kB
Unevictable:          64 kB
Mlocked:              64 kB
SwapTotal:       3906244 kB
SwapFree:        3886068 kB
Dirty:               188 kB
Writeback:             0 kB
AnonPages:       4520312 kB
Mapped:           738060 kB
Shmem:            636204 kB
Slab:             164548 kB
SReclaimable:     117764 kB
SUnreclaim:        46784 kB
KernelStack:       10692 kB
PageTables:        52164 kB
NFS_Unstable:          0 kB
Bounce:                0 kB
WritebackTmp:          0 kB
CommitLimit:     7915360 kB
Committed_AS:    9942720 kB
VmallocTotal:   34359738367 kB
VmallocUsed:           0 kB
VmallocChunk:          0 kB
HardwareCorrupted:     0 kB
AnonHugePages:    813056 kB
ShmemHugePages:        0 kB
ShmemPmdMapped:        0 kB
HugePages_Total:       0
HugePages_Free:        0
HugePages_Rsvd:        0
HugePages_Surp:        0
Hugepagesize:       2048 kB
DirectMap4k:      337308 kB
DirectMap2M:     7890944 kB
DirectMap1G:           0 kB


CPU:total 4 (initial active 4) (2 cores per cpu, 2 threads per core) family 6 model 142 stepping 9, cmov, cx8, fxsr, mmx, sse, sse2, sse3, ssse3, sse4.1, sse4.2, popcnt, avx, avx2, aes, clmul, erms, 3dnowpref, lzcnt, ht, tsc, tscinvbit, bmi1, bmi2, adx

/proc/cpuinfo:
processor	: 0
vendor_id	: GenuineIntel
cpu family	: 6
model		: 142
model name	: Intel(R) Core(TM) i5-7200U CPU @ 2.50GHz
stepping	: 9
microcode	: 0x62
cpu MHz		: 2700.000
cache size	: 3072 KB
physical id	: 0
siblings	: 4
core id		: 0
cpu cores	: 2
apicid		: 0
initial apicid	: 0
fpu		: yes
fpu_exception	: yes
cpuid level	: 22
wp		: yes
flags		: fpu vme de pse tsc msr pae mce cx8 apic sep mtrr pge mca cmov pat pse36 clflush dts acpi mmx fxsr sse sse2 ss ht tm pbe syscall nx pdpe1gb rdtscp lm constant_tsc art arch_perfmon pebs bts rep_good nopl xtopology nonstop_tsc cpuid aperfmperf tsc_known_freq pni pclmulqdq dtes64 monitor ds_cpl vmx est tm2 ssse3 sdbg fma cx16 xtpr pdcm pcid sse4_1 sse4_2 x2apic movbe popcnt tsc_deadline_timer aes xsave avx f16c rdrand lahf_lm abm 3dnowprefetch cpuid_fault epb intel_pt tpr_shadow vnmi flexpriority ept vpid fsgsbase tsc_adjust bmi1 avx2 smep bmi2 erms invpcid mpx rdseed adx smap clflushopt xsaveopt xsavec xgetbv1 xsaves dtherm ida arat pln pts hwp hwp_notify hwp_act_window hwp_epp
bugs		:
bogomips	: 5426.00
clflush size	: 64
cache_alignment	: 64
address sizes	: 39 bits physical, 48 bits virtual
power management:

processor	: 1
vendor_id	: GenuineIntel
cpu family	: 6
model		: 142
model name	: Intel(R) Core(TM) i5-7200U CPU @ 2.50GHz
stepping	: 9
microcode	: 0x62
cpu MHz		: 2700.000
cache size	: 3072 KB
physical id	: 0
siblings	: 4
core id		: 1
cpu cores	: 2
apicid		: 2
initial apicid	: 2
fpu		: yes
fpu_exception	: yes
cpuid level	: 22
wp		: yes
flags		: fpu vme de pse tsc msr pae mce cx8 apic sep mtrr pge mca cmov pat pse36 clflush dts acpi mmx fxsr sse sse2 ss ht tm pbe syscall nx pdpe1gb rdtscp lm constant_tsc art arch_perfmon pebs bts rep_good nopl xtopology nonstop_tsc cpuid aperfmperf tsc_known_freq pni pclmulqdq dtes64 monitor ds_cpl vmx est tm2 ssse3 sdbg fma cx16 xtpr pdcm pcid sse4_1 sse4_2 x2apic movbe popcnt tsc_deadline_timer aes xsave avx f16c rdrand lahf_lm abm 3dnowprefetch cpuid_fault epb intel_pt tpr_shadow vnmi flexpriority ept vpid fsgsbase tsc_adjust bmi1 avx2 smep bmi2 erms invpcid mpx rdseed adx smap clflushopt xsaveopt xsavec xgetbv1 xsaves dtherm ida arat pln pts hwp hwp_notify hwp_act_window hwp_epp
bugs		:
bogomips	: 5427.20
clflush size	: 64
cache_alignment	: 64
address sizes	: 39 bits physical, 48 bits virtual
power management:

processor	: 2
vendor_id	: GenuineIntel
cpu family	: 6
model		: 142
model name	: Intel(R) Core(TM) i5-7200U CPU @ 2.50GHz
stepping	: 9
microcode	: 0x62
cpu MHz		: 2700.000
cache size	: 3072 KB
physical id	: 0
siblings	: 4
core id		: 0
cpu cores	: 2
apicid		: 1
initial apicid	: 1
fpu		: yes
fpu_exception	: yes
cpuid level	: 22
wp		: yes
flags		: fpu vme de pse tsc msr pae mce cx8 apic sep mtrr pge mca cmov pat pse36 clflush dts acpi mmx fxsr sse sse2 ss ht tm pbe syscall nx pdpe1gb rdtscp lm constant_tsc art arch_perfmon pebs bts rep_good nopl xtopology nonstop_tsc cpuid aperfmperf tsc_known_freq pni pclmulqdq dtes64 monitor ds_cpl vmx est tm2 ssse3 sdbg fma cx16 xtpr pdcm pcid sse4_1 sse4_2 x2apic movbe popcnt tsc_deadline_timer aes xsave avx f16c rdrand lahf_lm abm 3dnowprefetch cpuid_fault epb intel_pt tpr_shadow vnmi flexpriority ept vpid fsgsbase tsc_adjust bmi1 avx2 smep bmi2 erms invpcid mpx rdseed adx smap clflushopt xsaveopt xsavec xgetbv1 xsaves dtherm ida arat pln pts hwp hwp_notify hwp_act_window hwp_epp
bugs		:
bogomips	: 5427.80
clflush size	: 64
cache_alignment	: 64
address sizes	: 39 bits physical, 48 bits virtual
power management:

processor	: 3
vendor_id	: GenuineIntel
cpu family	: 6
model		: 142
model name	: Intel(R) Core(TM) i5-7200U CPU @ 2.50GHz
stepping	: 9
microcode	: 0x62
cpu MHz		: 2700.000
cache size	: 3072 KB
physical id	: 0
siblings	: 4
core id		: 1
cpu cores	: 2
apicid		: 3
initial apicid	: 3
fpu		: yes
fpu_exception	: yes
cpuid level	: 22
wp		: yes
flags		: fpu vme de pse tsc msr pae mce cx8 apic sep mtrr pge mca cmov pat pse36 clflush dts acpi mmx fxsr sse sse2 ss ht tm pbe syscall nx pdpe1gb rdtscp lm constant_tsc art arch_perfmon pebs bts rep_good nopl xtopology nonstop_tsc cpuid aperfmperf tsc_known_freq pni pclmulqdq dtes64 monitor ds_cpl vmx est tm2 ssse3 sdbg fma cx16 xtpr pdcm pcid sse4_1 sse4_2 x2apic movbe popcnt tsc_deadline_timer aes xsave avx f16c rdrand lahf_lm abm 3dnowprefetch cpuid_fault epb intel_pt tpr_shadow vnmi flexpriority ept vpid fsgsbase tsc_adjust bmi1 avx2 smep bmi2 erms invpcid mpx rdseed adx smap clflushopt xsaveopt xsavec xgetbv1 xsaves dtherm ida arat pln pts hwp hwp_notify hwp_act_window hwp_epp
bugs		:
bogomips	: 5427.27
clflush size	: 64
cache_alignment	: 64
address sizes	: 39 bits physical, 48 bits virtual
power management:



Memory: 4k page, physical 8018236k(902940k free), swap 3906244k(3886068k free)

vm_info: OpenJDK 64-Bit Server VM (25.144-b01) for linux-amd64 JRE (1.8.0_144-b01), built on Jul 28 2017 20:07:18 by "builduser" with gcc 7.1.1 20170630

time: Thu Nov 30 14:18:39 2017
elapsed time: 11 seconds (0d 0h 0m 11s)

