#
# A fatal error has been detected by the Java Runtime Environment:
#
#  SIGSEGV (0xb) at pc=0x00007f9ee67e0da0, pid=6458, tid=0x00007f9f49181700
#
# JRE version: OpenJDK Runtime Environment (8.0_144-b01) (build 1.8.0_144-b01)
# Java VM: OpenJDK 64-Bit Server VM (25.144-b01 mixed mode linux-amd64 compressed oops)
# Problematic frame:
# C  0x00007f9ee67e0da0
#
# Core dump written. Default location: /home/yousuf/Workspace/gfx/ticks/tick2/core or core.6458
#
# If you would like to submit a bug report, please visit:
#   http://bugreport.java.com/bugreport/crash.jsp
#

---------------  T H R E A D  ---------------

Current thread is native thread

siginfo: si_signo: 11 (SIGSEGV), si_code: 1 (SEGV_MAPERR), si_addr: 0x00007f9ee67e0da0

Registers:
RAX=0x0000000000000001, RBX=0x00007f9f49181a88, RCX=0x00007f9f40000078, RDX=0x00007f9ee67e0da0
RSP=0x00007f9f49180eb8, RBP=0x0000000000000000, RSI=0x00007f9f48516b70, RDI=0x00007f9f4044aa00
R8 =0x00007f9f4023aa20, R9 =0x00007f9f4023a648, R10=0x00000000f96455b4, R11=0x0000000000003a98
R12=0x0000000000000020, R13=0x00007f9f48f92080, R14=0x00007f9f48f92280, R15=0x00007f9f48f920f0
RIP=0x00007f9ee67e0da0, EFLAGS=0x0000000000010206, CSGSFS=0x002b000000000033, ERR=0x0000000000000014
  TRAPNO=0x000000000000000e

Top of Stack: (sp=0x00007f9f49180eb8)
0x00007f9f49180eb8:   00007f9f48d7f1b8 0000000000000000
0x00007f9f49180ec8:   0000000000000004 0000000000000000
0x00007f9f49180ed8:   0000000000000000 0000000000000000
0x00007f9f49180ee8:   00007ffe280c2b7e 00007ffe280c2b7f
0x00007f9f49180ef8:   00007f9f49181700 0000000000000000
0x00007f9f49180f08:   00007f9f48d801dd 0000000000000000
0x00007f9f49180f18:   00007f9f49181700 00007f9f49181700
0x00007f9f49180f28:   60080fb2559f2c93 00007ffe280c2b7e
0x00007f9f49180f38:   00007ffe280c2b7f 00007f9f49181700
0x00007f9f49180f48:   0000000000000000 9f369d824bbf2c93
0x00007f9f49180f58:   9f369e02553b2c93 0000000000000000
0x00007f9f49180f68:   0000000000000000 0000000000000000
0x00007f9f49180f78:   0000000000000000 0000000000000000
0x00007f9f49180f88:   0000000000000000 0000000000000000
0x00007f9f49180f98:   0000000000000000 0000000000000000
0x00007f9f49180fa8:   62da9afa9cb51b00 00007f9f49181700
0x00007f9f49180fb8:   00007f9f4848d47f 0000000000000000
0x00007f9f49180fc8:   0000000000000000 0000000000000000
0x00007f9f49180fd8:   0000000000000000 0000000000000000
0x00007f9f49180fe8:   0000000000000000 0000000000000000
0x00007f9f49180ff8:   0000000000000000 0000000000000000
0x00007f9f49181008:   0000000000000000 0000000000000000
0x00007f9f49181018:   0000000000000000 0000000000000000
0x00007f9f49181028:   0000000000000000 0000000000000000
0x00007f9f49181038:   0000000000000000 0000000000000000
0x00007f9f49181048:   0000000000000000 0000000000000000
0x00007f9f49181058:   0000000000000000 0000000000000000
0x00007f9f49181068:   0000000000000000 0000000000000000
0x00007f9f49181078:   0000000000000000 0000000000000000
0x00007f9f49181088:   0000000000000000 0000000000000000
0x00007f9f49181098:   0000000000000000 0000000000000000
0x00007f9f491810a8:   0000000000000000 0000000000000000 

Instructions: (pc=0x00007f9ee67e0da0)
0x00007f9ee67e0d80:   
[error occurred during error reporting (printing registers, top of stack, instructions near pc), id 0xb]

Register to memory mapping:

RAX=0x0000000000000001 is an unknown value
RBX=0x00007f9f49181a88 is an unknown value
RCX=0x00007f9f40000078 is an unknown value
RDX=0x00007f9ee67e0da0 is an unknown value
RSP=0x00007f9f49180eb8 is an unknown value
RBP=0x0000000000000000 is an unknown value
RSI=0x00007f9f48516b70: <offset 0x17fb70> in /usr/lib/libc.so.6 at 0x00007f9f48397000
RDI=0x00007f9f4044aa00 is an unknown value
R8 =0x00007f9f4023aa20 is an unknown value
R9 =0x00007f9f4023a648 is an unknown value
R10=0x00000000f96455b4 is an unallocated location in the heap
R11=0x0000000000003a98 is an unknown value
R12=0x0000000000000020 is an unknown value
R13=0x00007f9f48f92080: <offset 0x219080> in /usr/lib/libpthread.so.0 at 0x00007f9f48d79000
R14=0x00007f9f48f92280: <offset 0x219280> in /usr/lib/libpthread.so.0 at 0x00007f9f48d79000
R15=0x00007f9f48f920f0: <offset 0x2190f0> in /usr/lib/libpthread.so.0 at 0x00007f9f48d79000


Stack: [0x00007f9f49081000,0x00007f9f49182000],  sp=0x00007f9f49180eb8,  free space=1023k
Native frames: (J=compiled Java code, j=interpreted, Vv=VM code, C=native code)
C  0x00007f9ee67e0da0

[error occurred during error reporting (printing native stack), id 0xb]


---------------  P R O C E S S  ---------------

VM state:at safepoint (shutting down)

VM Mutex/Monitor currently owned by a thread:  ([mutex/lock_event])
[0x00007f9f40007240] Threads_lock - owner thread: 0x00007f9f40078800

Heap:
 PSYoungGen      total 36864K, used 15167K [0x00000000d7380000, 0x00000000d9c80000, 0x0000000100000000)
  eden space 31744K, 31% used [0x00000000d7380000,0x00000000d7d56568,0x00000000d9280000)
  from space 5120K, 99% used [0x00000000d9280000,0x00000000d9779840,0x00000000d9780000)
  to   space 5120K, 0% used [0x00000000d9780000,0x00000000d9780000,0x00000000d9c80000)
 ParOldGen       total 84992K, used 1867K [0x0000000085a00000, 0x000000008ad00000, 0x00000000d7380000)
  object space 84992K, 2% used [0x0000000085a00000,0x0000000085bd2f08,0x000000008ad00000)
 Metaspace       used 10625K, capacity 10759K, committed 11008K, reserved 1058816K
  class space    used 882K, capacity 964K, committed 1024K, reserved 1048576K

Card table byte_map: [0x00007f9f45899000,0x00007f9f45c6d000] byte_map_base: 0x00007f9f4546c000

Marking Bits: (ParMarkBitMap*) 0x00007f9f4837a120
 Begin Bits: [0x00007f9f2d2d0000, 0x00007f9f2f168000)
 End Bits:   [0x00007f9f2f168000, 0x00007f9f31000000)

Polling page: 0x00007f9f491b8000

CodeCache: size=245760Kb used=3137Kb max_used=3137Kb free=242622Kb
 bounds [0x00007f9f31000000, 0x00007f9f31320000, 0x00007f9f40000000]
 total_blobs=1500 nmethods=672 adapters=743
 compilation: enabled

Compilation events (10 events):
Event: 0.830 Thread 0x00007f9f400bd800  667       3       java.awt.image.SinglePixelPackedSampleModel::getBufferSize (20 bytes)
Event: 0.831 Thread 0x00007f9f400bd800 nmethod 667 0x00007f9f312ff450 code [0x00007f9f312ff5a0, 0x00007f9f312ff710]
Event: 0.853 Thread 0x00007f9f400bd800  670       3       sun.awt.image.IntegerInterleavedRaster::setDataElements (137 bytes)
Event: 0.853 Thread 0x00007f9f400bd800 nmethod 670 0x00007f9f31310410 code [0x00007f9f313105e0, 0x00007f9f31310d98]
Event: 0.853 Thread 0x00007f9f400bd800  673       3       sun.awt.image.IntegerInterleavedRaster::<init> (195 bytes)
Event: 0.854 Thread 0x00007f9f400bd800 nmethod 673 0x00007f9f313110d0 code [0x00007f9f313112e0, 0x00007f9f31311e38]
Event: 0.854 Thread 0x00007f9f400bd800  671       3       java.awt.image.Raster::getPixels (29 bytes)
Event: 0.854 Thread 0x00007f9f400bd800 nmethod 671 0x00007f9f31312450 code [0x00007f9f313125c0, 0x00007f9f31312808]
Event: 0.854 Thread 0x00007f9f400bd800  672       3       com.sun.imageio.plugins.png.IDATOutputStream::write (17 bytes)
Event: 0.854 Thread 0x00007f9f400bd800 nmethod 672 0x00007f9f313128d0 code [0x00007f9f31312a40, 0x00007f9f31312ce8]

GC Heap History (2 events):
Event: 0.723 GC heap before
{Heap before GC invocations=1 (full 0):
 PSYoungGen      total 36864K, used 31744K [0x00000000d7380000, 0x00000000d9c80000, 0x0000000100000000)
  eden space 31744K, 100% used [0x00000000d7380000,0x00000000d9280000,0x00000000d9280000)
  from space 5120K, 0% used [0x00000000d9780000,0x00000000d9780000,0x00000000d9c80000)
  to   space 5120K, 0% used [0x00000000d9280000,0x00000000d9280000,0x00000000d9780000)
 ParOldGen       total 84992K, used 0K [0x0000000085a00000, 0x000000008ad00000, 0x00000000d7380000)
  object space 84992K, 0% used [0x0000000085a00000,0x0000000085a00000,0x000000008ad00000)
 Metaspace       used 10485K, capacity 10631K, committed 10752K, reserved 1058816K
  class space    used 869K, capacity 964K, committed 1024K, reserved 1048576K
Event: 0.730 GC heap after
Heap after GC invocations=1 (full 0):
 PSYoungGen      total 36864K, used 5094K [0x00000000d7380000, 0x00000000d9c80000, 0x0000000100000000)
  eden space 31744K, 0% used [0x00000000d7380000,0x00000000d7380000,0x00000000d9280000)
  from space 5120K, 99% used [0x00000000d9280000,0x00000000d9779840,0x00000000d9780000)
  to   space 5120K, 0% used [0x00000000d9780000,0x00000000d9780000,0x00000000d9c80000)
 ParOldGen       total 84992K, used 1867K [0x0000000085a00000, 0x000000008ad00000, 0x00000000d7380000)
  object space 84992K, 2% used [0x0000000085a00000,0x0000000085bd2f08,0x000000008ad00000)
 Metaspace       used 10485K, capacity 10631K, committed 10752K, reserved 1058816K
  class space    used 869K, capacity 964K, committed 1024K, reserved 1048576K
}

Deoptimization events (5 events):
Event: 0.226 Thread 0x00007f9f4000a800 Uncommon trap: reason=unstable_if action=reinterpret pc=0x00007f9f311a0630 method=java.lang.String.replace(CC)Ljava/lang/String; @ 26
Event: 0.593 Thread 0x00007f9f4000a800 Uncommon trap: reason=unstable_if action=reinterpret pc=0x00007f9f31198f70 method=java.awt.image.ComponentColorModel.getRGB(Ljava/lang/Object;)I @ 4
Event: 0.593 Thread 0x00007f9f4000a800 Uncommon trap: reason=unstable_if action=reinterpret pc=0x00007f9f31198058 method=java.awt.image.ComponentColorModel.getRGBComponent(Ljava/lang/Object;I)I @ 15
Event: 0.637 Thread 0x00007f9f4000a800 Uncommon trap: reason=unstable_if action=reinterpret pc=0x00007f9f312a30e8 method=uk.ac.cam.cl.gfxintro.ym346.tick2.Texture.load(Ljava/lang/String;)I @ 208
Event: 0.739 Thread 0x00007f9f4000a800 Uncommon trap: reason=unstable_if action=reinterpret pc=0x00007f9f312d0898 method=uk.ac.cam.cl.gfxintro.ym346.tick2.OpenGLApplication.takeScreenshot(Ljava/lang/String;)V @ 341

Internal exceptions (10 events):
Event: 0.090 Thread 0x00007f9f4000a800 Exception <a 'java/security/PrivilegedActionException'> (0x00000000d750b888) thrown at [/build/java8-openjdk/src/jdk8u-jdk8u144-b01/hotspot/src/share/vm/prims/jvm.cpp, line 1390]
Event: 0.090 Thread 0x00007f9f4000a800 Exception <a 'java/security/PrivilegedActionException'> (0x00000000d750bc80) thrown at [/build/java8-openjdk/src/jdk8u-jdk8u144-b01/hotspot/src/share/vm/prims/jvm.cpp, line 1390]
Event: 0.090 Thread 0x00007f9f4000a800 Exception <a 'java/security/PrivilegedActionException'> (0x00000000d750dd08) thrown at [/build/java8-openjdk/src/jdk8u-jdk8u144-b01/hotspot/src/share/vm/prims/jvm.cpp, line 1390]
Event: 0.091 Thread 0x00007f9f4000a800 Exception <a 'java/security/PrivilegedActionException'> (0x00000000d750e100) thrown at [/build/java8-openjdk/src/jdk8u-jdk8u144-b01/hotspot/src/share/vm/prims/jvm.cpp, line 1390]
Event: 0.091 Thread 0x00007f9f4000a800 Exception <a 'java/security/PrivilegedActionException'> (0x00000000d750ed48) thrown at [/build/java8-openjdk/src/jdk8u-jdk8u144-b01/hotspot/src/share/vm/prims/jvm.cpp, line 1390]
Event: 0.091 Thread 0x00007f9f4000a800 Exception <a 'java/security/PrivilegedActionException'> (0x00000000d750f140) thrown at [/build/java8-openjdk/src/jdk8u-jdk8u144-b01/hotspot/src/share/vm/prims/jvm.cpp, line 1390]
Event: 0.132 Thread 0x00007f9f4000a800 Exception <a 'java/lang/NoSuchFieldError': method resolution failed> (0x00000000d75de368) thrown at [/build/java8-openjdk/src/jdk8u-jdk8u144-b01/hotspot/src/share/vm/prims/methodHandles.cpp, line 1146]
Event: 0.134 Thread 0x00007f9f4000a800 Exception <a 'java/lang/NoSuchFieldError': method resolution failed> (0x00000000d75ebb38) thrown at [/build/java8-openjdk/src/jdk8u-jdk8u144-b01/hotspot/src/share/vm/prims/methodHandles.cpp, line 1146]
Event: 0.153 Thread 0x00007f9f4000a800 Exception <a 'java/io/FileNotFoundException'> (0x00000000d7668f90) thrown at [/build/java8-openjdk/src/jdk8u-jdk8u144-b01/hotspot/src/share/vm/prims/jni.cpp, line 709]
Event: 0.153 Thread 0x00007f9f4000a800 Exception <a 'java/io/FileNotFoundException'> (0x00000000d7669948) thrown at [/build/java8-openjdk/src/jdk8u-jdk8u144-b01/hotspot/src/share/vm/prims/jni.cpp, line 709]

Events (10 events):
Event: 0.813 Thread 0x00007f9f4000a800 DEOPT UNPACKING pc=0x00007f9f31047373 sp=0x00007f9f49180240 mode 0
Event: 0.850 Thread 0x00007f9f4000a800 DEOPT PACKING pc=0x00007f9f312d6ef4 sp=0x00007f9f49180320
Event: 0.850 Thread 0x00007f9f4000a800 DEOPT UNPACKING pc=0x00007f9f31047373 sp=0x00007f9f49180240 mode 0
Event: 0.894 Thread 0x00007f9f4000a800 Thread exited: 0x00007f9f4000a800
Event: 0.894 Thread 0x00007f9f4000a800 Thread added: 0x00007f9f4000a800
Event: 0.894 loading class java/lang/Shutdown
Event: 0.894 loading class java/lang/Shutdown done
Event: 0.894 loading class java/lang/Shutdown$Lock
Event: 0.894 loading class java/lang/Shutdown$Lock done
Event: 0.894 Thread 0x00007f9f4000a800 Thread exited: 0x00007f9f4000a800


Dynamic libraries:
85a00000-8ad00000 rw-p 00000000 00:00 0 
8ad00000-d7380000 ---p 00000000 00:00 0 
d7380000-d9c80000 rw-p 00000000 00:00 0 
d9c80000-100000000 ---p 00000000 00:00 0 
100000000-100100000 rw-p 00000000 00:00 0 
100100000-140000000 ---p 00000000 00:00 0 
55f31cdba000-55f31cdbb000 r-xp 00000000 08:07 809997                     /usr/lib/jvm/java-8-openjdk/jre/bin/java
55f31cfba000-55f31cfbb000 r--p 00000000 08:07 809997                     /usr/lib/jvm/java-8-openjdk/jre/bin/java
55f31cfbb000-55f31cfbc000 rw-p 00001000 08:07 809997                     /usr/lib/jvm/java-8-openjdk/jre/bin/java
55f31e259000-55f31e27a000 rw-p 00000000 00:00 0                          [heap]
7f9ee4b6a000-7f9ee4d3f000 rw-p 00000000 00:00 0 
7f9ee5000000-7f9ee5400000 rw-p 00000000 00:00 0 
7f9ee54ca000-7f9ee54ff000 r-xp 00000000 08:09 269352                     /home/yousuf/Workspace/gfx/ticks/tick2/lib/lwjgl/native/libjemalloc.so
7f9ee54ff000-7f9ee56fe000 ---p 00035000 08:09 269352                     /home/yousuf/Workspace/gfx/ticks/tick2/lib/lwjgl/native/libjemalloc.so
7f9ee56fe000-7f9ee5701000 r--p 00034000 08:09 269352                     /home/yousuf/Workspace/gfx/ticks/tick2/lib/lwjgl/native/libjemalloc.so
7f9ee5701000-7f9ee5702000 rw-p 00037000 08:09 269352                     /home/yousuf/Workspace/gfx/ticks/tick2/lib/lwjgl/native/libjemalloc.so
7f9ee5702000-7f9ee5703000 rw-p 00000000 00:00 0 
7f9ee5703000-7f9ee571a000 r-xp 00000000 08:07 810045                     /usr/lib/jvm/java-8-openjdk/jre/lib/amd64/libnet.so
7f9ee571a000-7f9ee5919000 ---p 00017000 08:07 810045                     /usr/lib/jvm/java-8-openjdk/jre/lib/amd64/libnet.so
7f9ee5919000-7f9ee591a000 r--p 00016000 08:07 810045                     /usr/lib/jvm/java-8-openjdk/jre/lib/amd64/libnet.so
7f9ee591a000-7f9ee591b000 rw-p 00017000 08:07 810045                     /usr/lib/jvm/java-8-openjdk/jre/lib/amd64/libnet.so
7f9ee591b000-7f9ee592c000 r-xp 00000000 08:07 810047                     /usr/lib/jvm/java-8-openjdk/jre/lib/amd64/libnio.so
7f9ee592c000-7f9ee5b2c000 ---p 00011000 08:07 810047                     /usr/lib/jvm/java-8-openjdk/jre/lib/amd64/libnio.so
7f9ee5b2c000-7f9ee5b2d000 r--p 00011000 08:07 810047                     /usr/lib/jvm/java-8-openjdk/jre/lib/amd64/libnio.so
7f9ee5b2d000-7f9ee5b2e000 rw-p 00012000 08:07 810047                     /usr/lib/jvm/java-8-openjdk/jre/lib/amd64/libnio.so
7f9ee5b2e000-7f9ee5cee000 rw-p 00000000 00:00 0 
7f9ee5cee000-7f9ee5d2e000 ---p 00000000 00:00 0 
7f9ee5d2e000-7f9ee5d32000 r-xp 00000000 08:07 1062260                    /usr/lib/libtxc_dxtn.so
7f9ee5d32000-7f9ee5f31000 ---p 00004000 08:07 1062260                    /usr/lib/libtxc_dxtn.so
7f9ee5f31000-7f9ee5f32000 r--p 00003000 08:07 1062260                    /usr/lib/libtxc_dxtn.so
7f9ee5f32000-7f9ee5f33000 rw-p 00004000 08:07 1062260                    /usr/lib/libtxc_dxtn.so
7f9ee69f0000-7f9ee69f8000 r-xp 00000000 08:07 1058256                    /usr/lib/libpciaccess.so.0.11.1
7f9ee69f8000-7f9ee6bf8000 ---p 00008000 08:07 1058256                    /usr/lib/libpciaccess.so.0.11.1
7f9ee6bf8000-7f9ee6bf9000 r--p 00008000 08:07 1058256                    /usr/lib/libpciaccess.so.0.11.1
7f9ee6bf9000-7f9ee6bfa000 rw-p 00009000 08:07 1058256                    /usr/lib/libpciaccess.so.0.11.1
7f9ee6bfa000-7f9ee6d71000 r-xp 00000000 08:07 1058393                    /usr/lib/libstdc++.so.6.0.24
7f9ee6d71000-7f9ee6f71000 ---p 00177000 08:07 1058393                    /usr/lib/libstdc++.so.6.0.24
7f9ee6f71000-7f9ee6f7d000 r--p 00177000 08:07 1058393                    /usr/lib/libstdc++.so.6.0.24
7f9ee6f7d000-7f9ee6f7e000 rw-p 00183000 08:07 1058393                    /usr/lib/libstdc++.so.6.0.24
7f9ee6f7e000-7f9ee6f81000 rw-p 00000000 00:00 0 
7f9ee6f81000-7f9ee6f8c000 r-xp 00000000 08:07 1058314                    /usr/lib/libdrm_radeon.so.1.0.1
7f9ee6f8c000-7f9ee718b000 ---p 0000b000 08:07 1058314                    /usr/lib/libdrm_radeon.so.1.0.1
7f9ee718b000-7f9ee718c000 r--p 0000a000 08:07 1058314                    /usr/lib/libdrm_radeon.so.1.0.1
7f9ee718c000-7f9ee718d000 rw-p 0000b000 08:07 1058314                    /usr/lib/libdrm_radeon.so.1.0.1
7f9ee718d000-7f9ee7194000 r-xp 00000000 08:07 1058313                    /usr/lib/libdrm_nouveau.so.2.0.0
7f9ee7194000-7f9ee7393000 ---p 00007000 08:07 1058313                    /usr/lib/libdrm_nouveau.so.2.0.0
7f9ee7393000-7f9ee7394000 r--p 00006000 08:07 1058313                    /usr/lib/libdrm_nouveau.so.2.0.0
7f9ee7394000-7f9ee7395000 rw-p 00007000 08:07 1058313                    /usr/lib/libdrm_nouveau.so.2.0.0
7f9ee7395000-7f9ee73b7000 r-xp 00000000 08:07 1058312                    /usr/lib/libdrm_intel.so.1.0.0
7f9ee73b7000-7f9ee75b6000 ---p 00022000 08:07 1058312                    /usr/lib/libdrm_intel.so.1.0.0
7f9ee75b6000-7f9ee75b7000 r--p 00021000 08:07 1058312                    /usr/lib/libdrm_intel.so.1.0.0
7f9ee75b7000-7f9ee75b8000 rw-p 00022000 08:07 1058312                    /usr/lib/libdrm_intel.so.1.0.0
7f9ee75b8000-7f9ee7da8000 r-xp 00000000 08:07 2534                       /usr/lib/xorg/modules/dri/i965_dri.so
7f9ee7da8000-7f9ee7fa7000 ---p 007f0000 08:07 2534                       /usr/lib/xorg/modules/dri/i965_dri.so
7f9ee7fa7000-7f9ee7ff8000 r--p 007ef000 08:07 2534                       /usr/lib/xorg/modules/dri/i965_dri.so
7f9ee7ff8000-7f9ee8000000 rw-p 00840000 08:07 2534                       /usr/lib/xorg/modules/dri/i965_dri.so
7f9ee8000000-7f9ee8068000 rw-p 00000000 00:00 0 
7f9ee8068000-7f9ee8078000 r-xp 00000000 08:07 1058307                    /usr/lib/libdrm.so.2.4.0
7f9ee8078000-7f9ee8277000 ---p 00010000 08:07 1058307                    /usr/lib/libdrm.so.2.4.0
7f9ee8277000-7f9ee8278000 r--p 0000f000 08:07 1058307                    /usr/lib/libdrm.so.2.4.0
7f9ee8278000-7f9ee8279000 rw-p 00010000 08:07 1058307                    /usr/lib/libdrm.so.2.4.0
7f9ee8279000-7f9ee827d000 r-xp 00000000 08:07 1054481                    /usr/lib/libxcb-dri2.so.0.0.0
7f9ee827d000-7f9ee847c000 ---p 00004000 08:07 1054481                    /usr/lib/libxcb-dri2.so.0.0.0
7f9ee847c000-7f9ee847d000 r--p 00003000 08:07 1054481                    /usr/lib/libxcb-dri2.so.0.0.0
7f9ee847d000-7f9ee847e000 rw-p 00004000 08:07 1054481                    /usr/lib/libxcb-dri2.so.0.0.0
7f9ee847e000-7f9ee8497000 r-xp 00000000 08:07 1054484                    /usr/lib/libxcb-glx.so.0.0.0
7f9ee8497000-7f9ee8697000 ---p 00019000 08:07 1054484                    /usr/lib/libxcb-glx.so.0.0.0
7f9ee8697000-7f9ee8699000 r--p 00019000 08:07 1054484                    /usr/lib/libxcb-glx.so.0.0.0
7f9ee8699000-7f9ee869a000 rw-p 0001b000 08:07 1054484                    /usr/lib/libxcb-glx.so.0.0.0
7f9ee869a000-7f9ee86c5000 r-xp 00000000 08:07 1078964                    /usr/lib/libglapi.so.0.0.0
7f9ee86c5000-7f9ee88c4000 ---p 0002b000 08:07 1078964                    /usr/lib/libglapi.so.0.0.0
7f9ee88c4000-7f9ee88c8000 r--p 0002a000 08:07 1078964                    /usr/lib/libglapi.so.0.0.0
7f9ee88c8000-7f9ee88c9000 rw-p 0002e000 08:07 1078964                    /usr/lib/libglapi.so.0.0.0
7f9ee88c9000-7f9ee88ca000 rw-p 00000000 00:00 0 
7f9ee88ca000-7f9ee88cb000 r-xp 00000000 08:07 1062122                    /usr/lib/libxshmfence.so.1.0.0
7f9ee88cb000-7f9ee8acb000 ---p 00001000 08:07 1062122                    /usr/lib/libxshmfence.so.1.0.0
7f9ee8acb000-7f9ee8acc000 r--p 00001000 08:07 1062122                    /usr/lib/libxshmfence.so.1.0.0
7f9ee8acc000-7f9ee8acd000 rw-p 00002000 08:07 1062122                    /usr/lib/libxshmfence.so.1.0.0
7f9ee8acd000-7f9ee8ad3000 r-xp 00000000 08:07 1054492                    /usr/lib/libxcb-sync.so.1.0.0
7f9ee8ad3000-7f9ee8cd2000 ---p 00006000 08:07 1054492                    /usr/lib/libxcb-sync.so.1.0.0
7f9ee8cd2000-7f9ee8cd3000 r--p 00005000 08:07 1054492                    /usr/lib/libxcb-sync.so.1.0.0
7f9ee8cd3000-7f9ee8cd4000 rw-p 00006000 08:07 1054492                    /usr/lib/libxcb-sync.so.1.0.0
7f9ee8cd4000-7f9ee8cd6000 r-xp 00000000 08:07 1054483                    /usr/lib/libxcb-present.so.0.0.0
7f9ee8cd6000-7f9ee8ed5000 ---p 00002000 08:07 1054483                    /usr/lib/libxcb-present.so.0.0.0
7f9ee8ed5000-7f9ee8ed6000 r--p 00001000 08:07 1054483                    /usr/lib/libxcb-present.so.0.0.0
7f9ee8ed6000-7f9ee8ed7000 rw-p 00002000 08:07 1054483                    /usr/lib/libxcb-present.so.0.0.0
7f9ee8ed7000-7f9ee8ede000 r-xp 00000000 08:07 1054494                    /usr/lib/libxcb-xfixes.so.0.0.0
7f9ee8ede000-7f9ee90dd000 ---p 00007000 08:07 1054494                    /usr/lib/libxcb-xfixes.so.0.0.0
7f9ee90dd000-7f9ee90de000 r--p 00006000 08:07 1054494                    /usr/lib/libxcb-xfixes.so.0.0.0
7f9ee90de000-7f9ee90df000 rw-p 00007000 08:07 1054494                    /usr/lib/libxcb-xfixes.so.0.0.0
7f9ee90df000-7f9ee90e1000 r-xp 00000000 08:07 1054482                    /usr/lib/libxcb-dri3.so.0.0.0
7f9ee90e1000-7f9ee92e0000 ---p 00002000 08:07 1054482                    /usr/lib/libxcb-dri3.so.0.0.0
7f9ee92e0000-7f9ee92e1000 r--p 00001000 08:07 1054482                    /usr/lib/libxcb-dri3.so.0.0.0
7f9ee92e1000-7f9ee92e2000 rw-p 00002000 08:07 1054482                    /usr/lib/libxcb-dri3.so.0.0.0
7f9ee92e2000-7f9ee9351000 r-xp 00000000 08:07 1078963                    /usr/lib/libGLX_mesa.so.0.0.0
7f9ee9351000-7f9ee9550000 ---p 0006f000 08:07 1078963                    /usr/lib/libGLX_mesa.so.0.0.0
7f9ee9550000-7f9ee9553000 r--p 0006e000 08:07 1078963                    /usr/lib/libGLX_mesa.so.0.0.0
7f9ee9553000-7f9ee9554000 rw-p 00071000 08:07 1078963                    /usr/lib/libGLX_mesa.so.0.0.0
7f9ee9554000-7f9ee95c2000 r-xp 00000000 08:07 1064298                    /usr/lib/libGLdispatch.so.0.0.0
7f9ee95c2000-7f9ee97c1000 ---p 0006e000 08:07 1064298                    /usr/lib/libGLdispatch.so.0.0.0
7f9ee97c1000-7f9ee97e9000 r--p 0006d000 08:07 1064298                    /usr/lib/libGLdispatch.so.0.0.0
7f9ee97e9000-7f9ee97ea000 rw-p 00095000 08:07 1064298                    /usr/lib/libGLdispatch.so.0.0.0
7f9ee97ea000-7f9ee980a000 rw-p 00000000 00:00 0 
7f9ee980a000-7f9ee981a000 r-xp 00000000 08:07 1064304                    /usr/lib/libGLX.so.0.0.0
7f9ee981a000-7f9ee9a19000 ---p 00010000 08:07 1064304                    /usr/lib/libGLX.so.0.0.0
7f9ee9a19000-7f9ee9a1a000 r--p 0000f000 08:07 1064304                    /usr/lib/libGLX.so.0.0.0
7f9ee9a1a000-7f9ee9a1b000 rw-p 00010000 08:07 1064304                    /usr/lib/libGLX.so.0.0.0
7f9ee9a1b000-7f9ee9a3b000 rw-p 00000000 00:00 0 
7f9ee9a3b000-7f9ee9aab000 r-xp 00000000 08:07 1064305                    /usr/lib/libGL.so.1.0.0
7f9ee9aab000-7f9ee9caa000 ---p 00070000 08:07 1064305                    /usr/lib/libGL.so.1.0.0
7f9ee9caa000-7f9ee9cc4000 r--p 0006f000 08:07 1064305                    /usr/lib/libGL.so.1.0.0
7f9ee9cc4000-7f9ee9cc5000 rw-p 00089000 08:07 1064305                    /usr/lib/libGL.so.1.0.0
7f9ee9cc5000-7f9ee9cc6000 rw-p 00000000 00:00 0 
7f9ee9cc6000-7f9ee9cc7000 r-xp 00000000 08:07 1058106                    /usr/lib/libX11-xcb.so.1.0.0
7f9ee9cc7000-7f9ee9ec6000 ---p 00001000 08:07 1058106                    /usr/lib/libX11-xcb.so.1.0.0
7f9ee9ec6000-7f9ee9ec7000 r--p 00000000 08:07 1058106                    /usr/lib/libX11-xcb.so.1.0.0
7f9ee9ec7000-7f9ee9ec8000 rw-p 00001000 08:07 1058106                    /usr/lib/libX11-xcb.so.1.0.0
7f9ee9ec8000-7f9ee9ecd000 r-xp 00000000 08:07 1062086                    /usr/lib/libXxf86vm.so.1.0.0
7f9ee9ecd000-7f9eea0cc000 ---p 00005000 08:07 1062086                    /usr/lib/libXxf86vm.so.1.0.0
7f9eea0cc000-7f9eea0cd000 r--p 00004000 08:07 1062086                    /usr/lib/libXxf86vm.so.1.0.0
7f9eea0cd000-7f9eea0ce000 rw-p 00005000 08:07 1062086                    /usr/lib/libXxf86vm.so.1.0.0
7f9eea0ce000-7f9eea0e7000 r-xp 00000000 08:09 269350                     /home/yousuf/Workspace/gfx/ticks/tick2/lib/lwjgl/native/libglfw.so
7f9eea0e7000-7f9eea2e7000 ---p 00019000 08:09 269350                     /home/yousuf/Workspace/gfx/ticks/tick2/lib/lwjgl/native/libglfw.so
7f9eea2e7000-7f9eea2e8000 r--p 00019000 08:09 269350                     /home/yousuf/Workspace/gfx/ticks/tick2/lib/lwjgl/native/libglfw.so
7f9eea2e8000-7f9eea2e9000 rw-p 0001a000 08:09 269350                     /home/yousuf/Workspace/gfx/ticks/tick2/lib/lwjgl/native/libglfw.so
7f9eea2e9000-7f9eea2ea000 rw-p 00000000 00:00 0 
7f9eea2ea000-7f9eea2fe000 r-xp 00000000 08:07 1065567                    /usr/lib/libgpg-error.so.0.22.0
7f9eea2fe000-7f9eea4fd000 ---p 00014000 08:07 1065567                    /usr/lib/libgpg-error.so.0.22.0
7f9eea4fd000-7f9eea4fe000 r--p 00013000 08:07 1065567                    /usr/lib/libgpg-error.so.0.22.0
7f9eea4fe000-7f9eea4ff000 rw-p 00014000 08:07 1065567                    /usr/lib/libgpg-error.so.0.22.0
7f9eea4ff000-7f9eea513000 r-xp 00000000 08:07 1065593                    /usr/lib/liblz4.so.1.8.0
7f9eea513000-7f9eea712000 ---p 00014000 08:07 1065593                    /usr/lib/liblz4.so.1.8.0
7f9eea712000-7f9eea713000 r--p 00013000 08:07 1065593                    /usr/lib/liblz4.so.1.8.0
7f9eea713000-7f9eea714000 rw-p 00014000 08:07 1065593                    /usr/lib/liblz4.so.1.8.0
7f9eea714000-7f9eea739000 r-xp 00000000 08:07 1061344                    /usr/lib/liblzma.so.5.2.3
7f9eea739000-7f9eea938000 ---p 00025000 08:07 1061344                    /usr/lib/liblzma.so.5.2.3
7f9eea938000-7f9eea939000 r--p 00024000 08:07 1061344                    /usr/lib/liblzma.so.5.2.3
7f9eea939000-7f9eea93a000 rw-p 00025000 08:07 1061344                    /usr/lib/liblzma.so.5.2.3
7f9eea93a000-7f9eeaa4f000 r-xp 00000000 08:07 1065576                    /usr/lib/libgcrypt.so.20.2.1
7f9eeaa4f000-7f9eeac4e000 ---p 00115000 08:07 1065576                    /usr/lib/libgcrypt.so.20.2.1
7f9eeac4e000-7f9eeac50000 r--p 00114000 08:07 1065576                    /usr/lib/libgcrypt.so.20.2.1
7f9eeac50000-7f9eeac55000 rw-p 00116000 08:07 1065576                    /usr/lib/libgcrypt.so.20.2.1
7f9eeac55000-7f9eeac56000 rw-p 00000000 00:00 0 
7f9eeac56000-7f9eeac5c000 r-xp 00000000 08:07 1064473                    /usr/lib/libuuid.so.1.3.0
7f9eeac5c000-7f9eeae5b000 ---p 00006000 08:07 1064473                    /usr/lib/libuuid.so.1.3.0
7f9eeae5b000-7f9eeae5c000 r--p 00005000 08:07 1064473                    /usr/lib/libuuid.so.1.3.0
7f9eeae5c000-7f9eeae5d000 rw-p 00006000 08:07 1064473                    /usr/lib/libuuid.so.1.3.0
7f9eeae5d000-7f9eeaea4000 r-xp 00000000 08:07 1064475                    /usr/lib/libblkid.so.1.1.0
7f9eeaea4000-7f9eeb0a3000 ---p 00047000 08:07 1064475                    /usr/lib/libblkid.so.1.1.0
7f9eeb0a3000-7f9eeb0a8000 r--p 00046000 08:07 1064475                    /usr/lib/libblkid.so.1.1.0
7f9eeb0a8000-7f9eeb0a9000 rw-p 0004b000 08:07 1064475                    /usr/lib/libblkid.so.1.1.0
7f9eeb0a9000-7f9eeb0aa000 rw-p 00000000 00:00 0 
7f9eeb0aa000-7f9eeb0b1000 r-xp 00000000 08:07 1077366                    /usr/lib/libdatrie.so.1.3.3
7f9eeb0b1000-7f9eeb2b0000 ---p 00007000 08:07 1077366                    /usr/lib/libdatrie.so.1.3.3
7f9eeb2b0000-7f9eeb2b1000 r--p 00006000 08:07 1077366                    /usr/lib/libdatrie.so.1.3.3
7f9eeb2b1000-7f9eeb2b2000 rw-p 00007000 08:07 1077366                    /usr/lib/libdatrie.so.1.3.3
7f9eeb2b2000-7f9eeb2dc000 r-xp 00000000 08:07 1064866                    /usr/lib/libgraphite2.so.3.0.1
7f9eeb2dc000-7f9eeb4db000 ---p 0002a000 08:07 1064866                    /usr/lib/libgraphite2.so.3.0.1
7f9eeb4db000-7f9eeb4dd000 r--p 00029000 08:07 1064866                    /usr/lib/libgraphite2.so.3.0.1
7f9eeb4dd000-7f9eeb4de000 rw-p 0002b000 08:07 1064866                    /usr/lib/libgraphite2.so.3.0.1
7f9eeb4de000-7f9eeb559000 r-xp 00000000 08:07 1122308                    /usr/lib/libsystemd.so.0.19.1
7f9eeb559000-7f9eeb758000 ---p 0007b000 08:07 1122308                    /usr/lib/libsystemd.so.0.19.1
7f9eeb758000-7f9eeb75b000 r--p 0007a000 08:07 1122308                    /usr/lib/libsystemd.so.0.19.1
7f9eeb75b000-7f9eeb75c000 rw-p 0007d000 08:07 1122308                    /usr/lib/libsystemd.so.0.19.1
7f9eeb75c000-7f9eeb75d000 rw-p 00000000 00:00 0 
7f9eeb75d000-7f9eeb76c000 r-xp 00000000 08:07 1062139                    /usr/lib/libbz2.so.1.0.6
7f9eeb76c000-7f9eeb96b000 ---p 0000f000 08:07 1062139                    /usr/lib/libbz2.so.1.0.6
7f9eeb96b000-7f9eeb96c000 r--p 0000e000 08:07 1062139                    /usr/lib/libbz2.so.1.0.6
7f9eeb96c000-7f9eeb96d000 rw-p 0000f000 08:07 1062139                    /usr/lib/libbz2.so.1.0.6
7f9eeb96d000-7f9eeb9de000 r-xp 00000000 08:07 1064347                    /usr/lib/libpcre.so.1.2.9
7f9eeb9de000-7f9eebbde000 ---p 00071000 08:07 1064347                    /usr/lib/libpcre.so.1.2.9
7f9eebbde000-7f9eebbdf000 r--p 00071000 08:07 1064347                    /usr/lib/libpcre.so.1.2.9
7f9eebbdf000-7f9eebbe0000 rw-p 00072000 08:07 1064347                    /usr/lib/libpcre.so.1.2.9
7f9eebbe0000-7f9eebbe7000 r-xp 00000000 08:07 1058351                    /usr/lib/libffi.so.6.0.4
7f9eebbe7000-7f9eebde7000 ---p 00007000 08:07 1058351                    /usr/lib/libffi.so.6.0.4
7f9eebde7000-7f9eebde8000 r--p 00007000 08:07 1058351                    /usr/lib/libffi.so.6.0.4
7f9eebde8000-7f9eebde9000 rw-p 00008000 08:07 1058351                    /usr/lib/libffi.so.6.0.4
7f9eebde9000-7f9eebdfc000 r-xp 00000000 08:07 1052918                    /usr/lib/libresolv-2.26.so
7f9eebdfc000-7f9eebffc000 ---p 00013000 08:07 1052918                    /usr/lib/libresolv-2.26.so
7f9eebffc000-7f9eebffd000 r--p 00013000 08:07 1052918                    /usr/lib/libresolv-2.26.so
7f9eebffd000-7f9eebffe000 rw-p 00014000 08:07 1052918                    /usr/lib/libresolv-2.26.so
7f9eebffe000-7f9eec000000 rw-p 00000000 00:00 0 
7f9eec000000-7f9eec021000 rw-p 00000000 00:00 0 
7f9eec021000-7f9ef0000000 ---p 00000000 00:00 0 
7f9ef0172000-7f9ef01c4000 r-xp 00000000 08:07 1064483                    /usr/lib/libmount.so.1.1.0
7f9ef01c4000-7f9ef03c3000 ---p 00052000 08:07 1064483                    /usr/lib/libmount.so.1.1.0
7f9ef03c3000-7f9ef03c6000 r--p 00051000 08:07 1064483                    /usr/lib/libmount.so.1.1.0
7f9ef03c6000-7f9ef03c7000 rw-p 00054000 08:07 1064483                    /usr/lib/libmount.so.1.1.0
7f9ef03c7000-7f9ef03c8000 rw-p 00000000 00:00 0 
7f9ef03c8000-7f9ef03f7000 r-xp 00000000 08:07 1058358                    /usr/lib/libexpat.so.1.6.6
7f9ef03f7000-7f9ef05f6000 ---p 0002f000 08:07 1058358                    /usr/lib/libexpat.so.1.6.6
7f9ef05f6000-7f9ef05f9000 r--p 0002e000 08:07 1058358                    /usr/lib/libexpat.so.1.6.6
7f9ef05f9000-7f9ef05fa000 rw-p 00031000 08:07 1058358                    /usr/lib/libexpat.so.1.6.6
7f9ef05fa000-7f9ef0602000 r-xp 00000000 08:07 1077398                    /usr/lib/libthai.so.0.3.0
7f9ef0602000-7f9ef0802000 ---p 00008000 08:07 1077398                    /usr/lib/libthai.so.0.3.0
7f9ef0802000-7f9ef0803000 r--p 00008000 08:07 1077398                    /usr/lib/libthai.so.0.3.0
7f9ef0803000-7f9ef0804000 rw-p 00009000 08:07 1077398                    /usr/lib/libthai.so.0.3.0
7f9ef0804000-7f9ef08a0000 r-xp 00000000 08:07 1064874                    /usr/lib/libharfbuzz.so.0.10701.0
7f9ef08a0000-7f9ef0a9f000 ---p 0009c000 08:07 1064874                    /usr/lib/libharfbuzz.so.0.10701.0
7f9ef0a9f000-7f9ef0aa1000 r--p 0009b000 08:07 1064874                    /usr/lib/libharfbuzz.so.0.10701.0
7f9ef0aa1000-7f9ef0aa2000 rw-p 0009d000 08:07 1064874                    /usr/lib/libharfbuzz.so.0.10701.0
7f9ef0aa2000-7f9ef0ad0000 r-xp 00000000 08:07 1076151                    /usr/lib/libatspi.so.0.0.1
7f9ef0ad0000-7f9ef0ccf000 ---p 0002e000 08:07 1076151                    /usr/lib/libatspi.so.0.0.1
7f9ef0ccf000-7f9ef0cd3000 r--p 0002d000 08:07 1076151                    /usr/lib/libatspi.so.0.0.1
7f9ef0cd3000-7f9ef0cd4000 rw-p 00031000 08:07 1076151                    /usr/lib/libatspi.so.0.0.1
7f9ef0cd4000-7f9ef0d22000 r-xp 00000000 08:07 1065699                    /usr/lib/libdbus-1.so.3.19.4
7f9ef0d22000-7f9ef0f22000 ---p 0004e000 08:07 1065699                    /usr/lib/libdbus-1.so.3.19.4
7f9ef0f22000-7f9ef0f24000 r--p 0004e000 08:07 1065699                    /usr/lib/libdbus-1.so.3.19.4
7f9ef0f24000-7f9ef0f25000 rw-p 00050000 08:07 1065699                    /usr/lib/libdbus-1.so.3.19.4
7f9ef0f25000-7f9ef0f31000 r-xp 00000000 08:07 1054487                    /usr/lib/libxcb-render.so.0.0.0
7f9ef0f31000-7f9ef1131000 ---p 0000c000 08:07 1054487                    /usr/lib/libxcb-render.so.0.0.0
7f9ef1131000-7f9ef1132000 r--p 0000c000 08:07 1054487                    /usr/lib/libxcb-render.so.0.0.0
7f9ef1132000-7f9ef1133000 rw-p 0000d000 08:07 1054487                    /usr/lib/libxcb-render.so.0.0.0
7f9ef1133000-7f9ef1135000 r-xp 00000000 08:07 1054491                    /usr/lib/libxcb-shm.so.0.0.0
7f9ef1135000-7f9ef1335000 ---p 00002000 08:07 1054491                    /usr/lib/libxcb-shm.so.0.0.0
7f9ef1335000-7f9ef1336000 r--p 00002000 08:07 1054491                    /usr/lib/libxcb-shm.so.0.0.0
7f9ef1336000-7f9ef1337000 rw-p 00003000 08:07 1054491                    /usr/lib/libxcb-shm.so.0.0.0
7f9ef1337000-7f9ef136c000 r-xp 00000000 08:07 1064332                    /usr/lib/libpng16.so.16.34.0
7f9ef136c000-7f9ef156b000 ---p 00035000 08:07 1064332                    /usr/lib/libpng16.so.16.34.0
7f9ef156b000-7f9ef156c000 r--p 00034000 08:07 1064332                    /usr/lib/libpng16.so.16.34.0
7f9ef156c000-7f9ef156d000 rw-p 00035000 08:07 1064332                    /usr/lib/libpng16.so.16.34.0
7f9ef156d000-7f9ef160c000 r-xp 00000000 08:07 1077407                    /usr/lib/libpixman-1.so.0.34.0
7f9ef160c000-7f9ef180c000 ---p 0009f000 08:07 1077407                    /usr/lib/libpixman-1.so.0.34.0
7f9ef180c000-7f9ef1814000 r--p 0009f000 08:07 1077407                    /usr/lib/libpixman-1.so.0.34.0
7f9ef1814000-7f9ef1815000 rw-p 000a7000 08:07 1077407                    /usr/lib/libpixman-1.so.0.34.0
7f9ef1815000-7f9ef18d3000 r-xp 00000000 08:07 1064882                    /usr/lib/libfreetype.so.6.15.0
7f9ef18d3000-7f9ef1ad3000 ---p 000be000 08:07 1064882                    /usr/lib/libfreetype.so.6.15.0
7f9ef1ad3000-7f9ef1ada000 r--p 000be000 08:07 1064882                    /usr/lib/libfreetype.so.6.15.0
7f9ef1ada000-7f9ef1adb000 rw-p 000c5000 08:07 1064882                    /usr/lib/libfreetype.so.6.15.0
7f9ef1adb000-7f9ef1ae7000 r-xp 00000000 08:07 1062028                    /usr/lib/libwayland-client.so.0.3.0
7f9ef1ae7000-7f9ef1ce7000 ---p 0000c000 08:07 1062028                    /usr/lib/libwayland-client.so.0.3.0
7f9ef1ce7000-7f9ef1ce9000 r--p 0000c000 08:07 1062028                    /usr/lib/libwayland-client.so.0.3.0
7f9ef1ce9000-7f9ef1cea000 rw-p 0000e000 08:07 1062028                    /usr/lib/libwayland-client.so.0.3.0
7f9ef1cea000-7f9ef1ceb000 r-xp 00000000 08:07 1078968                    /usr/lib/libwayland-egl.so.1.0.0
7f9ef1ceb000-7f9ef1eea000 ---p 00001000 08:07 1078968                    /usr/lib/libwayland-egl.so.1.0.0
7f9ef1eea000-7f9ef1eeb000 r--p 00000000 08:07 1078968                    /usr/lib/libwayland-egl.so.1.0.0
7f9ef1eeb000-7f9ef1eec000 rw-p 00001000 08:07 1078968                    /usr/lib/libwayland-egl.so.1.0.0
7f9ef1eec000-7f9ef1ef0000 r-xp 00000000 08:07 1062029                    /usr/lib/libwayland-cursor.so.0.0.0
7f9ef1ef0000-7f9ef20ef000 ---p 00004000 08:07 1062029                    /usr/lib/libwayland-cursor.so.0.0.0
7f9ef20ef000-7f9ef20f0000 r--p 00003000 08:07 1062029                    /usr/lib/libwayland-cursor.so.0.0.0
7f9ef20f0000-7f9ef20f4000 rw-p 00004000 08:07 1062029                    /usr/lib/libwayland-cursor.so.0.0.0
7f9ef20f4000-7f9ef2132000 r-xp 00000000 08:07 1072157                    /usr/lib/libxkbcommon.so.0.0.0
7f9ef2132000-7f9ef2331000 ---p 0003e000 08:07 1072157                    /usr/lib/libxkbcommon.so.0.0.0
7f9ef2331000-7f9ef2333000 r--p 0003d000 08:07 1072157                    /usr/lib/libxkbcommon.so.0.0.0
7f9ef2333000-7f9ef2334000 rw-p 0003f000 08:07 1072157                    /usr/lib/libxkbcommon.so.0.0.0
7f9ef2334000-7f9ef2336000 r-xp 00000000 08:07 1062115                    /usr/lib/libXdamage.so.1.1.0
7f9ef2336000-7f9ef2535000 ---p 00002000 08:07 1062115                    /usr/lib/libXdamage.so.1.1.0
7f9ef2535000-7f9ef2536000 r--p 00001000 08:07 1062115                    /usr/lib/libXdamage.so.1.1.0
7f9ef2536000-7f9ef2537000 rw-p 00002000 08:07 1062115                    /usr/lib/libXdamage.so.1.1.0
7f9ef2537000-7f9ef2539000 r-xp 00000000 08:07 1078357                    /usr/lib/libXcomposite.so.1.0.0
7f9ef2539000-7f9ef2738000 ---p 00002000 08:07 1078357                    /usr/lib/libXcomposite.so.1.0.0
7f9ef2738000-7f9ef2739000 r--p 00001000 08:07 1078357                    /usr/lib/libXcomposite.so.1.0.0
7f9ef2739000-7f9ef273a000 rw-p 00002000 08:07 1078357                    /usr/lib/libXcomposite.so.1.0.0
7f9ef273a000-7f9ef2744000 r-xp 00000000 08:07 1078291                    /usr/lib/libXcursor.so.1.0.2
7f9ef2744000-7f9ef2943000 ---p 0000a000 08:07 1078291                    /usr/lib/libXcursor.so.1.0.2
7f9ef2943000-7f9ef2944000 r--p 00009000 08:07 1078291                    /usr/lib/libXcursor.so.1.0.2
7f9ef2944000-7f9ef2945000 rw-p 0000a000 08:07 1078291                    /usr/lib/libXcursor.so.1.0.2
7f9ef2945000-7f9ef294f000 r-xp 00000000 08:07 1078315                    /usr/lib/libXrandr.so.2.2.0
7f9ef294f000-7f9ef2b4e000 ---p 0000a000 08:07 1078315                    /usr/lib/libXrandr.so.2.2.0
7f9ef2b4e000-7f9ef2b4f000 r--p 00009000 08:07 1078315                    /usr/lib/libXrandr.so.2.2.0
7f9ef2b4f000-7f9ef2b50000 rw-p 0000a000 08:07 1078315                    /usr/lib/libXrandr.so.2.2.0
7f9ef2b50000-7f9ef2b52000 r-xp 00000000 08:07 1078299                    /usr/lib/libXinerama.so.1.0.0
7f9ef2b52000-7f9ef2d51000 ---p 00002000 08:07 1078299                    /usr/lib/libXinerama.so.1.0.0
7f9ef2d51000-7f9ef2d52000 r--p 00001000 08:07 1078299                    /usr/lib/libXinerama.so.1.0.0
7f9ef2d52000-7f9ef2d53000 rw-p 00002000 08:07 1078299                    /usr/lib/libXinerama.so.1.0.0
7f9ef2d53000-7f9ef2e6e000 r-xp 00000000 08:07 1064489                    /usr/lib/libglib-2.0.so.0.5400.0
7f9ef2e6e000-7f9ef306d000 ---p 0011b000 08:07 1064489                    /usr/lib/libglib-2.0.so.0.5400.0
7f9ef306d000-7f9ef3070000 r--p 0011a000 08:07 1064489                    /usr/lib/libglib-2.0.so.0.5400.0
7f9ef3070000-7f9ef3071000 rw-p 0011d000 08:07 1064489                    /usr/lib/libglib-2.0.so.0.5400.0
7f9ef3071000-7f9ef3072000 rw-p 00000000 00:00 0 
7f9ef3072000-7f9ef30c6000 r-xp 00000000 08:07 1064490                    /usr/lib/libgobject-2.0.so.0.5400.0
7f9ef30c6000-7f9ef32c5000 ---p 00054000 08:07 1064490                    /usr/lib/libgobject-2.0.so.0.5400.0
7f9ef32c5000-7f9ef32c7000 r--p 00053000 08:07 1064490                    /usr/lib/libgobject-2.0.so.0.5400.0
7f9ef32c7000-7f9ef32c8000 rw-p 00055000 08:07 1064490                    /usr/lib/libgobject-2.0.so.0.5400.0
7f9ef32c8000-7f9ef3467000 r-xp 00000000 08:07 1064493                    /usr/lib/libgio-2.0.so.0.5400.0
7f9ef3467000-7f9ef3667000 ---p 0019f000 08:07 1064493                    /usr/lib/libgio-2.0.so.0.5400.0
7f9ef3667000-7f9ef3670000 r--p 0019f000 08:07 1064493                    /usr/lib/libgio-2.0.so.0.5400.0
7f9ef3670000-7f9ef3671000 rw-p 001a8000 08:07 1064493                    /usr/lib/libgio-2.0.so.0.5400.0
7f9ef3671000-7f9ef3672000 rw-p 00000000 00:00 0 
7f9ef3672000-7f9ef36b0000 r-xp 00000000 08:07 1109439                    /usr/lib/libfontconfig.so.1.10.1
7f9ef36b0000-7f9ef38b0000 ---p 0003e000 08:07 1109439                    /usr/lib/libfontconfig.so.1.10.1
7f9ef38b0000-7f9ef38b2000 r--p 0003e000 08:07 1109439                    /usr/lib/libfontconfig.so.1.10.1
7f9ef38b2000-7f9ef38b7000 rw-p 00040000 08:07 1109439                    /usr/lib/libfontconfig.so.1.10.1
7f9ef38b7000-7f9ef3903000 r-xp 00000000 08:07 1061925                    /usr/lib/libpango-1.0.so.0.4000.13
7f9ef3903000-7f9ef3b02000 ---p 0004c000 08:07 1061925                    /usr/lib/libpango-1.0.so.0.4000.13
7f9ef3b02000-7f9ef3b05000 r--p 0004b000 08:07 1061925                    /usr/lib/libpango-1.0.so.0.4000.13
7f9ef3b05000-7f9ef3b06000 rw-p 0004e000 08:07 1061925                    /usr/lib/libpango-1.0.so.0.4000.13
7f9ef3b06000-7f9ef3b19000 r-xp 00000000 08:07 1061927                    /usr/lib/libpangoft2-1.0.so.0.4000.13
7f9ef3b19000-7f9ef3d18000 ---p 00013000 08:07 1061927                    /usr/lib/libpangoft2-1.0.so.0.4000.13
7f9ef3d18000-7f9ef3d19000 r--p 00012000 08:07 1061927                    /usr/lib/libpangoft2-1.0.so.0.4000.13
7f9ef3d19000-7f9ef3d1a000 rw-p 00013000 08:07 1061927                    /usr/lib/libpangoft2-1.0.so.0.4000.13
7f9ef3d1a000-7f9ef3df9000 r-xp 00000000 08:07 1077896                    /usr/lib/libepoxy.so.0.0.0
7f9ef3df9000-7f9ef3ff8000 ---p 000df000 08:07 1077896                    /usr/lib/libepoxy.so.0.0.0
7f9ef3ff8000-7f9ef3ff9000 r--p 000de000 08:07 1077896                    /usr/lib/libepoxy.so.0.0.0
7f9ef3ff9000-7f9ef4000000 rw-p 000df000 08:07 1077896                    /usr/lib/libepoxy.so.0.0.0
7f9ef4000000-7f9ef4021000 rw-p 00000000 00:00 0 
7f9ef4021000-7f9ef8000000 ---p 00000000 00:00 0 
7f9ef8000000-7f9ef8349000 rw-p 00000000 00:00 0 
7f9ef8349000-7f9efc000000 ---p 00000000 00:00 0 
7f9efc000000-7f9efc021000 rw-p 00000000 00:00 0 
7f9efc021000-7f9f00000000 ---p 00000000 00:00 0 
7f9f00000000-7f9f0038c000 rw-p 00000000 00:00 0 
7f9f0038c000-7f9f04000000 ---p 00000000 00:00 0 
7f9f04000000-7f9f0428e000 rw-p 00000000 00:00 0 
7f9f0428e000-7f9f08000000 ---p 00000000 00:00 0 
7f9f08000000-7f9f08021000 rw-p 00000000 00:00 0 
7f9f08021000-7f9f0c000000 ---p 00000000 00:00 0 
7f9f0c000000-7f9f0c021000 rw-p 00000000 00:00 0 
7f9f0c021000-7f9f10000000 ---p 00000000 00:00 0 
7f9f10000000-7f9f10021000 rw-p 00000000 00:00 0 
7f9f10021000-7f9f14000000 ---p 00000000 00:00 0 
7f9f14000000-7f9f14021000 rw-p 00000000 00:00 0 
7f9f14021000-7f9f18000000 ---p 00000000 00:00 0 
7f9f18000000-7f9f18021000 rw-p 00000000 00:00 0 
7f9f18021000-7f9f1c000000 ---p 00000000 00:00 0 
7f9f1c000000-7f9f1c021000 rw-p 00000000 00:00 0 
7f9f1c021000-7f9f20000000 ---p 00000000 00:00 0 
7f9f20000000-7f9f20021000 rw-p 00000000 00:00 0 
7f9f20021000-7f9f24000000 ---p 00000000 00:00 0 
7f9f240aa000-7f9f240ea000 rw-s 00000000 08:09 262106                     /home/yousuf/#262106 (deleted)
7f9f240ea000-7f9f2412a000 r-xs 00000000 08:09 262106                     /home/yousuf/#262106 (deleted)
7f9f2412a000-7f9f24159000 r-xp 00000000 08:07 1078413                    /usr/lib/libatk-bridge-2.0.so.0.0.0
7f9f24159000-7f9f24358000 ---p 0002f000 08:07 1078413                    /usr/lib/libatk-bridge-2.0.so.0.0.0
7f9f24358000-7f9f2435a000 r--p 0002e000 08:07 1078413                    /usr/lib/libatk-bridge-2.0.so.0.0.0
7f9f2435a000-7f9f2435b000 rw-p 00030000 08:07 1078413                    /usr/lib/libatk-bridge-2.0.so.0.0.0
7f9f2435b000-7f9f2435c000 rw-p 00000000 00:00 0 
7f9f2435c000-7f9f2437f000 r-xp 00000000 08:07 1078209                    /usr/lib/libatk-1.0.so.0.22610.1
7f9f2437f000-7f9f2457e000 ---p 00023000 08:07 1078209                    /usr/lib/libatk-1.0.so.0.22610.1
7f9f2457e000-7f9f24581000 r--p 00022000 08:07 1078209                    /usr/lib/libatk-1.0.so.0.22610.1
7f9f24581000-7f9f24582000 rw-p 00025000 08:07 1078209                    /usr/lib/libatk-1.0.so.0.22610.1
7f9f24582000-7f9f245a5000 r-xp 00000000 08:07 1078414                    /usr/lib/libgdk_pixbuf-2.0.so.0.3600.10
7f9f245a5000-7f9f247a4000 ---p 00023000 08:07 1078414                    /usr/lib/libgdk_pixbuf-2.0.so.0.3600.10
7f9f247a4000-7f9f247a5000 r--p 00022000 08:07 1078414                    /usr/lib/libgdk_pixbuf-2.0.so.0.3600.10
7f9f247a5000-7f9f247a6000 rw-p 00023000 08:07 1078414                    /usr/lib/libgdk_pixbuf-2.0.so.0.3600.10
7f9f247a6000-7f9f248bf000 r-xp 00000000 08:07 1077426                    /usr/lib/libcairo.so.2.11508.0
7f9f248bf000-7f9f24abe000 ---p 00119000 08:07 1077426                    /usr/lib/libcairo.so.2.11508.0
7f9f24abe000-7f9f24ac2000 r--p 00118000 08:07 1077426                    /usr/lib/libcairo.so.2.11508.0
7f9f24ac2000-7f9f24ac3000 rw-p 0011c000 08:07 1077426                    /usr/lib/libcairo.so.2.11508.0
7f9f24ac3000-7f9f24ac4000 rw-p 00000000 00:00 0 
7f9f24ac4000-7f9f24acb000 r-xp 00000000 08:07 1077427                    /usr/lib/libcairo-gobject.so.2.11508.0
7f9f24acb000-7f9f24cca000 ---p 00007000 08:07 1077427                    /usr/lib/libcairo-gobject.so.2.11508.0
7f9f24cca000-7f9f24ccc000 r--p 00006000 08:07 1077427                    /usr/lib/libcairo-gobject.so.2.11508.0
7f9f24ccc000-7f9f24ccd000 rw-p 00008000 08:07 1077427                    /usr/lib/libcairo-gobject.so.2.11508.0
7f9f24ccd000-7f9f24cd2000 r-xp 00000000 08:07 1062095                    /usr/lib/libXfixes.so.3.1.0
7f9f24cd2000-7f9f24ed1000 ---p 00005000 08:07 1062095                    /usr/lib/libXfixes.so.3.1.0
7f9f24ed1000-7f9f24ed2000 r--p 00004000 08:07 1062095                    /usr/lib/libXfixes.so.3.1.0
7f9f24ed2000-7f9f24ed3000 rw-p 00005000 08:07 1062095                    /usr/lib/libXfixes.so.3.1.0
7f9f24ed3000-7f9f24edf000 r-xp 00000000 08:07 1061929                    /usr/lib/libpangocairo-1.0.so.0.4000.13
7f9f24edf000-7f9f250de000 ---p 0000c000 08:07 1061929                    /usr/lib/libpangocairo-1.0.so.0.4000.13
7f9f250de000-7f9f250df000 r--p 0000b000 08:07 1061929                    /usr/lib/libpangocairo-1.0.so.0.4000.13
7f9f250df000-7f9f250e0000 rw-p 0000c000 08:07 1061929                    /usr/lib/libpangocairo-1.0.so.0.4000.13
7f9f250e0000-7f9f250e3000 r-xp 00000000 08:07 1064492                    /usr/lib/libgmodule-2.0.so.0.5400.0
7f9f250e3000-7f9f252e2000 ---p 00003000 08:07 1064492                    /usr/lib/libgmodule-2.0.so.0.5400.0
7f9f252e2000-7f9f252e3000 r--p 00002000 08:07 1064492                    /usr/lib/libgmodule-2.0.so.0.5400.0
7f9f252e3000-7f9f252e4000 rw-p 00003000 08:07 1064492                    /usr/lib/libgmodule-2.0.so.0.5400.0
7f9f252e4000-7f9f253d1000 r-xp 00000000 08:07 1079595                    /usr/lib/libgdk-3.so.0.2200.26
7f9f253d1000-7f9f255d1000 ---p 000ed000 08:07 1079595                    /usr/lib/libgdk-3.so.0.2200.26
7f9f255d1000-7f9f255d9000 r--p 000ed000 08:07 1079595                    /usr/lib/libgdk-3.so.0.2200.26
7f9f255d9000-7f9f255db000 rw-p 000f5000 08:07 1079595                    /usr/lib/libgdk-3.so.0.2200.26
7f9f255db000-7f9f255f1000 r-xp 00000000 08:07 1058430                    /usr/lib/libgcc_s.so.1
7f9f255f1000-7f9f257f0000 ---p 00016000 08:07 1058430                    /usr/lib/libgcc_s.so.1
7f9f257f0000-7f9f257f1000 r--p 00015000 08:07 1058430                    /usr/lib/libgcc_s.so.1
7f9f257f1000-7f9f257f2000 rw-p 00016000 08:07 1058430                    /usr/lib/libgcc_s.so.1
7f9f257f2000-7f9f25ef7000 r-xp 00000000 08:07 1079596                    /usr/lib/libgtk-3.so.0.2200.26
7f9f25ef7000-7f9f260f7000 ---p 00705000 08:07 1079596                    /usr/lib/libgtk-3.so.0.2200.26
7f9f260f7000-7f9f26106000 r--p 00705000 08:07 1079596                    /usr/lib/libgtk-3.so.0.2200.26
7f9f26106000-7f9f26108000 rw-p 00714000 08:07 1079596                    /usr/lib/libgtk-3.so.0.2200.26
7f9f26108000-7f9f2610d000 rw-p 00000000 00:00 0 
7f9f2610d000-7f9f261d0000 r-xp 00000000 08:09 269355                     /home/yousuf/Workspace/gfx/ticks/tick2/lib/lwjgl/native/liblwjgl.so
7f9f261d0000-7f9f263d0000 ---p 000c3000 08:09 269355                     /home/yousuf/Workspace/gfx/ticks/tick2/lib/lwjgl/native/liblwjgl.so
7f9f263d0000-7f9f263d2000 rw-p 000c3000 08:09 269355                     /home/yousuf/Workspace/gfx/ticks/tick2/lib/lwjgl/native/liblwjgl.so
7f9f263d2000-7f9f263d5000 ---p 00000000 00:00 0 
7f9f263d5000-7f9f264d3000 rw-p 00000000 00:00 0 
7f9f264d3000-7f9f264d8000 r-xp 00000000 08:07 1054409                    /usr/lib/libXdmcp.so.6.0.0
7f9f264d8000-7f9f266d7000 ---p 00005000 08:07 1054409                    /usr/lib/libXdmcp.so.6.0.0
7f9f266d7000-7f9f266d8000 r--p 00004000 08:07 1054409                    /usr/lib/libXdmcp.so.6.0.0
7f9f266d8000-7f9f266d9000 rw-p 00005000 08:07 1054409                    /usr/lib/libXdmcp.so.6.0.0
7f9f266d9000-7f9f266db000 r-xp 00000000 08:07 1054414                    /usr/lib/libXau.so.6.0.0
7f9f266db000-7f9f268db000 ---p 00002000 08:07 1054414                    /usr/lib/libXau.so.6.0.0
7f9f268db000-7f9f268dc000 r--p 00002000 08:07 1054414                    /usr/lib/libXau.so.6.0.0
7f9f268dc000-7f9f268dd000 rw-p 00003000 08:07 1054414                    /usr/lib/libXau.so.6.0.0
7f9f268dd000-7f9f26905000 r-xp 00000000 08:07 1054477                    /usr/lib/libxcb.so.1.1.0
7f9f26905000-7f9f26b04000 ---p 00028000 08:07 1054477                    /usr/lib/libxcb.so.1.1.0
7f9f26b04000-7f9f26b05000 r--p 00027000 08:07 1054477                    /usr/lib/libxcb.so.1.1.0
7f9f26b05000-7f9f26b06000 rw-p 00028000 08:07 1054477                    /usr/lib/libxcb.so.1.1.0
7f9f26b06000-7f9f26b15000 r-xp 00000000 08:07 1065204                    /usr/lib/libXi.so.6.1.0
7f9f26b15000-7f9f26d15000 ---p 0000f000 08:07 1065204                    /usr/lib/libXi.so.6.1.0
7f9f26d15000-7f9f26d16000 r--p 0000f000 08:07 1065204                    /usr/lib/libXi.so.6.1.0
7f9f26d16000-7f9f26d17000 rw-p 00010000 08:07 1065204                    /usr/lib/libXi.so.6.1.0
7f9f26d17000-7f9f26d1c000 r-xp 00000000 08:07 1076819                    /usr/lib/libXtst.so.6.1.0
7f9f26d1c000-7f9f26f1b000 ---p 00005000 08:07 1076819                    /usr/lib/libXtst.so.6.1.0
7f9f26f1b000-7f9f26f1c000 r--p 00004000 08:07 1076819                    /usr/lib/libXtst.so.6.1.0
7f9f26f1c000-7f9f26f1d000 rw-p 00005000 08:07 1076819                    /usr/lib/libXtst.so.6.1.0
7f9f26f1d000-7f9f26f26000 r-xp 00000000 08:07 1065119                    /usr/lib/libXrender.so.1.3.0
7f9f26f26000-7f9f27126000 ---p 00009000 08:07 1065119                    /usr/lib/libXrender.so.1.3.0
7f9f27126000-7f9f27127000 r--p 00009000 08:07 1065119                    /usr/lib/libXrender.so.1.3.0
7f9f27127000-7f9f27128000 rw-p 0000a000 08:07 1065119                    /usr/lib/libXrender.so.1.3.0
7f9f27128000-7f9f27261000 r-xp 00000000 08:07 1058105                    /usr/lib/libX11.so.6.3.0
7f9f27261000-7f9f27461000 ---p 00139000 08:07 1058105                    /usr/lib/libX11.so.6.3.0
7f9f27461000-7f9f27462000 r--p 00139000 08:07 1058105                    /usr/lib/libX11.so.6.3.0
7f9f27462000-7f9f27467000 rw-p 0013a000 08:07 1058105                    /usr/lib/libX11.so.6.3.0
7f9f27467000-7f9f27478000 r-xp 00000000 08:07 1058247                    /usr/lib/libXext.so.6.4.0
7f9f27478000-7f9f27677000 ---p 00011000 08:07 1058247                    /usr/lib/libXext.so.6.4.0
7f9f27677000-7f9f27678000 r--p 00010000 08:07 1058247                    /usr/lib/libXext.so.6.4.0
7f9f27678000-7f9f27679000 rw-p 00011000 08:07 1058247                    /usr/lib/libXext.so.6.4.0
7f9f276ae000-7f9f27702000 r-xp 00000000 08:07 810038                     /usr/lib/jvm/java-8-openjdk/jre/lib/amd64/libawt_xawt.so
7f9f27702000-7f9f27901000 ---p 00054000 08:07 810038                     /usr/lib/jvm/java-8-openjdk/jre/lib/amd64/libawt_xawt.so
7f9f27901000-7f9f27902000 r--p 00053000 08:07 810038                     /usr/lib/jvm/java-8-openjdk/jre/lib/amd64/libawt_xawt.so
7f9f27902000-7f9f27905000 rw-p 00054000 08:07 810038                     /usr/lib/jvm/java-8-openjdk/jre/lib/amd64/libawt_xawt.so
7f9f27905000-7f9f27906000 rw-p 00000000 00:00 0 
7f9f27906000-7f9f279a7000 r-xp 00000000 08:07 810031                     /usr/lib/jvm/java-8-openjdk/jre/lib/amd64/libawt.so
7f9f279a7000-7f9f27ba6000 ---p 000a1000 08:07 810031                     /usr/lib/jvm/java-8-openjdk/jre/lib/amd64/libawt.so
7f9f27ba6000-7f9f27ba7000 r--p 000a0000 08:07 810031                     /usr/lib/jvm/java-8-openjdk/jre/lib/amd64/libawt.so
7f9f27ba7000-7f9f27bb2000 rw-p 000a1000 08:07 810031                     /usr/lib/jvm/java-8-openjdk/jre/lib/amd64/libawt.so
7f9f27bb2000-7f9f27bd7000 rw-p 00000000 00:00 0 
7f9f27bd7000-7f9f27bfc000 r--s 0028a000 08:09 269340                     /home/yousuf/Workspace/gfx/ticks/tick2/lib/lwjgl/jar/lwjgl.jar
7f9f27bfc000-7f9f27bfd000 ---p 00000000 00:00 0 
7f9f27bfd000-7f9f27cfd000 rw-p 00000000 00:00 0 
7f9f27cfd000-7f9f27d00000 ---p 00000000 00:00 0 
7f9f27d00000-7f9f27dfe000 rw-p 00000000 00:00 0 
7f9f27dfe000-7f9f27e01000 ---p 00000000 00:00 0 
7f9f27e01000-7f9f27eff000 rw-p 00000000 00:00 0 
7f9f27eff000-7f9f27f02000 ---p 00000000 00:00 0 
7f9f27f02000-7f9f28000000 rw-p 00000000 00:00 0 
7f9f28000000-7f9f28021000 rw-p 00000000 00:00 0 
7f9f28021000-7f9f2c000000 ---p 00000000 00:00 0 
7f9f2c024000-7f9f2c027000 ---p 00000000 00:00 0 
7f9f2c027000-7f9f2c125000 rw-p 00000000 00:00 0 
7f9f2c125000-7f9f2c128000 ---p 00000000 00:00 0 
7f9f2c128000-7f9f2c226000 rw-p 00000000 00:00 0 
7f9f2c226000-7f9f2c3c1000 r--p 00000000 08:07 1127679                    /usr/lib/locale/locale-archive
7f9f2c3c1000-7f9f2c3c4000 ---p 00000000 00:00 0 
7f9f2c3c4000-7f9f2c4c2000 rw-p 00000000 00:00 0 
7f9f2c4c2000-7f9f2c4c5000 ---p 00000000 00:00 0 
7f9f2c4c5000-7f9f2c5c3000 rw-p 00000000 00:00 0 
7f9f2c5c3000-7f9f2c5c4000 ---p 00000000 00:00 0 
7f9f2c5c4000-7f9f31000000 rw-p 00000000 00:00 0 
7f9f31000000-7f9f31320000 rwxp 00000000 00:00 0 
7f9f31320000-7f9f40000000 ---p 00000000 00:00 0 
7f9f40000000-7f9f40fa5000 rw-p 00000000 00:00 0 
7f9f40fa5000-7f9f44000000 ---p 00000000 00:00 0 
7f9f44004000-7f9f44007000 rwxp 00000000 00:00 0 
7f9f44008000-7f9f44009000 rwxp 00000000 00:00 0 
7f9f44012000-7f9f44017000 r--s 0009a000 08:07 161755                     /usr/lib/jvm/java-8-openjdk/jre/lib/jsse.jar
7f9f44017000-7f9f4401c000 r--s 002f9000 08:07 161752                     /usr/lib/jvm/java-8-openjdk/jre/lib/charsets.jar
7f9f4401c000-7f9f44020000 r--s 0009a000 08:09 269316                     /home/yousuf/Workspace/gfx/ticks/tick2/lib/JOML/joml.jar
7f9f44020000-7f9f44025000 r--s 002f9000 08:07 161752                     /usr/lib/jvm/java-8-openjdk/jre/lib/charsets.jar
7f9f44025000-7f9f4402a000 r--s 0009a000 08:07 161755                     /usr/lib/jvm/java-8-openjdk/jre/lib/jsse.jar
7f9f4402a000-7f9f4403d000 r--s 00346000 08:07 161753                     /usr/lib/jvm/java-8-openjdk/jre/lib/resources.jar
7f9f4403d000-7f9f443f1000 rw-p 00000000 00:00 0 
7f9f443f1000-7f9f445bf000 r--s 03c15000 08:07 161748                     /usr/lib/jvm/java-8-openjdk/jre/lib/rt.jar
7f9f445bf000-7f9f45208000 rw-p 00000000 00:00 0 
7f9f45208000-7f9f45209000 ---p 00000000 00:00 0 
7f9f45209000-7f9f45309000 rw-p 00000000 00:00 0 
7f9f45309000-7f9f4530a000 ---p 00000000 00:00 0 
7f9f4530a000-7f9f4540a000 rw-p 00000000 00:00 0 
7f9f4540a000-7f9f4540b000 ---p 00000000 00:00 0 
7f9f4540b000-7f9f4550b000 rw-p 00000000 00:00 0 
7f9f4550b000-7f9f4550c000 ---p 00000000 00:00 0 
7f9f4550c000-7f9f45636000 rw-p 00000000 00:00 0 
7f9f45636000-7f9f45899000 ---p 00000000 00:00 0 
7f9f45899000-7f9f458c3000 rw-p 00000000 00:00 0 
7f9f458c3000-7f9f45b25000 ---p 00000000 00:00 0 
7f9f45b25000-7f9f45b3b000 rw-p 00000000 00:00 0 
7f9f45b3b000-7f9f45c6c000 ---p 00000000 00:00 0 
7f9f45c6c000-7f9f45c7a000 rw-p 00000000 00:00 0 
7f9f45c7a000-7f9f4602d000 ---p 00000000 00:00 0 
7f9f4602d000-7f9f46035000 r-xp 00000000 08:07 810051                     /usr/lib/jvm/java-8-openjdk/jre/lib/amd64/libzip.so
7f9f46035000-7f9f46234000 ---p 00008000 08:07 810051                     /usr/lib/jvm/java-8-openjdk/jre/lib/amd64/libzip.so
7f9f46234000-7f9f46235000 r--p 00007000 08:07 810051                     /usr/lib/jvm/java-8-openjdk/jre/lib/amd64/libzip.so
7f9f46235000-7f9f46236000 rw-p 00008000 08:07 810051                     /usr/lib/jvm/java-8-openjdk/jre/lib/amd64/libzip.so
7f9f46236000-7f9f46241000 r-xp 00000000 08:07 1052929                    /usr/lib/libnss_files-2.26.so
7f9f46241000-7f9f46440000 ---p 0000b000 08:07 1052929                    /usr/lib/libnss_files-2.26.so
7f9f46440000-7f9f46441000 r--p 0000a000 08:07 1052929                    /usr/lib/libnss_files-2.26.so
7f9f46441000-7f9f46442000 rw-p 0000b000 08:07 1052929                    /usr/lib/libnss_files-2.26.so
7f9f46442000-7f9f46448000 rw-p 00000000 00:00 0 
7f9f46448000-7f9f46453000 r-xp 00000000 08:07 1052926                    /usr/lib/libnss_nis-2.26.so
7f9f46453000-7f9f46652000 ---p 0000b000 08:07 1052926                    /usr/lib/libnss_nis-2.26.so
7f9f46652000-7f9f46653000 r--p 0000a000 08:07 1052926                    /usr/lib/libnss_nis-2.26.so
7f9f46653000-7f9f46654000 rw-p 0000b000 08:07 1052926                    /usr/lib/libnss_nis-2.26.so
7f9f46654000-7f9f46668000 r-xp 00000000 08:07 1052922                    /usr/lib/libnsl-2.26.so
7f9f46668000-7f9f46868000 ---p 00014000 08:07 1052922                    /usr/lib/libnsl-2.26.so
7f9f46868000-7f9f46869000 r--p 00014000 08:07 1052922                    /usr/lib/libnsl-2.26.so
7f9f46869000-7f9f4686a000 rw-p 00015000 08:07 1052922                    /usr/lib/libnsl-2.26.so
7f9f4686a000-7f9f4686c000 rw-p 00000000 00:00 0 
7f9f4686c000-7f9f46873000 r-xp 00000000 08:07 1052932                    /usr/lib/libnss_compat-2.26.so
7f9f46873000-7f9f46a72000 ---p 00007000 08:07 1052932                    /usr/lib/libnss_compat-2.26.so
7f9f46a72000-7f9f46a73000 r--p 00006000 08:07 1052932                    /usr/lib/libnss_compat-2.26.so
7f9f46a73000-7f9f46a74000 rw-p 00007000 08:07 1052932                    /usr/lib/libnss_compat-2.26.so
7f9f46a74000-7f9f46aa2000 r-xp 00000000 08:07 810035                     /usr/lib/jvm/java-8-openjdk/jre/lib/amd64/libjava.so
7f9f46aa2000-7f9f46ca1000 ---p 0002e000 08:07 810035                     /usr/lib/jvm/java-8-openjdk/jre/lib/amd64/libjava.so
7f9f46ca1000-7f9f46ca2000 r--p 0002d000 08:07 810035                     /usr/lib/jvm/java-8-openjdk/jre/lib/amd64/libjava.so
7f9f46ca2000-7f9f46ca4000 rw-p 0002e000 08:07 810035                     /usr/lib/jvm/java-8-openjdk/jre/lib/amd64/libjava.so
7f9f46ca4000-7f9f46cb1000 r-xp 00000000 08:07 810025                     /usr/lib/jvm/java-8-openjdk/jre/lib/amd64/libverify.so
7f9f46cb1000-7f9f46eb0000 ---p 0000d000 08:07 810025                     /usr/lib/jvm/java-8-openjdk/jre/lib/amd64/libverify.so
7f9f46eb0000-7f9f46eb2000 r--p 0000c000 08:07 810025                     /usr/lib/jvm/java-8-openjdk/jre/lib/amd64/libverify.so
7f9f46eb2000-7f9f46eb3000 rw-p 0000e000 08:07 810025                     /usr/lib/jvm/java-8-openjdk/jre/lib/amd64/libverify.so
7f9f46eb3000-7f9f46eba000 r-xp 00000000 08:07 1052913                    /usr/lib/librt-2.26.so
7f9f46eba000-7f9f470b9000 ---p 00007000 08:07 1052913                    /usr/lib/librt-2.26.so
7f9f470b9000-7f9f470ba000 r--p 00006000 08:07 1052913                    /usr/lib/librt-2.26.so
7f9f470ba000-7f9f470bb000 rw-p 00007000 08:07 1052913                    /usr/lib/librt-2.26.so
7f9f470bb000-7f9f47206000 r-xp 00000000 08:07 1052923                    /usr/lib/libm-2.26.so
7f9f47206000-7f9f47405000 ---p 0014b000 08:07 1052923                    /usr/lib/libm-2.26.so
7f9f47405000-7f9f47406000 r--p 0014a000 08:07 1052923                    /usr/lib/libm-2.26.so
7f9f47406000-7f9f47407000 rw-p 0014b000 08:07 1052923                    /usr/lib/libm-2.26.so
7f9f47407000-7f9f480aa000 r-xp 00000000 08:07 810056                     /usr/lib/jvm/java-8-openjdk/jre/lib/amd64/server/libjvm.so
7f9f480aa000-7f9f482aa000 ---p 00ca3000 08:07 810056                     /usr/lib/jvm/java-8-openjdk/jre/lib/amd64/server/libjvm.so
7f9f482aa000-7f9f4833e000 r--p 00ca3000 08:07 810056                     /usr/lib/jvm/java-8-openjdk/jre/lib/amd64/server/libjvm.so
7f9f4833e000-7f9f48366000 rw-p 00d37000 08:07 810056                     /usr/lib/jvm/java-8-openjdk/jre/lib/amd64/server/libjvm.so
7f9f48366000-7f9f48397000 rw-p 00000000 00:00 0 
7f9f48397000-7f9f48545000 r-xp 00000000 08:07 1052989                    /usr/lib/libc-2.26.so
7f9f48545000-7f9f48745000 ---p 001ae000 08:07 1052989                    /usr/lib/libc-2.26.so
7f9f48745000-7f9f48749000 r--p 001ae000 08:07 1052989                    /usr/lib/libc-2.26.so
7f9f48749000-7f9f4874b000 rw-p 001b2000 08:07 1052989                    /usr/lib/libc-2.26.so
7f9f4874b000-7f9f4874f000 rw-p 00000000 00:00 0 
7f9f4874f000-7f9f48752000 r-xp 00000000 08:07 1052924                    /usr/lib/libdl-2.26.so
7f9f48752000-7f9f48951000 ---p 00003000 08:07 1052924                    /usr/lib/libdl-2.26.so
7f9f48951000-7f9f48952000 r--p 00002000 08:07 1052924                    /usr/lib/libdl-2.26.so
7f9f48952000-7f9f48953000 rw-p 00003000 08:07 1052924                    /usr/lib/libdl-2.26.so
7f9f48953000-7f9f48961000 r-xp 00000000 08:07 810059                     /usr/lib/jvm/java-8-openjdk/jre/lib/amd64/jli/libjli.so
7f9f48961000-7f9f48b60000 ---p 0000e000 08:07 810059                     /usr/lib/jvm/java-8-openjdk/jre/lib/amd64/jli/libjli.so
7f9f48b60000-7f9f48b61000 r--p 0000d000 08:07 810059                     /usr/lib/jvm/java-8-openjdk/jre/lib/amd64/jli/libjli.so
7f9f48b61000-7f9f48b62000 rw-p 0000e000 08:07 810059                     /usr/lib/jvm/java-8-openjdk/jre/lib/amd64/jli/libjli.so
7f9f48b62000-7f9f48b78000 r-xp 00000000 08:07 1058368                    /usr/lib/libz.so.1.2.11
7f9f48b78000-7f9f48d77000 ---p 00016000 08:07 1058368                    /usr/lib/libz.so.1.2.11
7f9f48d77000-7f9f48d78000 r--p 00015000 08:07 1058368                    /usr/lib/libz.so.1.2.11
7f9f48d78000-7f9f48d79000 rw-p 00016000 08:07 1058368                    /usr/lib/libz.so.1.2.11
7f9f48d79000-7f9f48d92000 r-xp 00000000 08:07 1053011                    /usr/lib/libpthread-2.26.so
7f9f48d92000-7f9f48f91000 ---p 00019000 08:07 1053011                    /usr/lib/libpthread-2.26.so
7f9f48f91000-7f9f48f92000 r--p 00018000 08:07 1053011                    /usr/lib/libpthread-2.26.so
7f9f48f92000-7f9f48f93000 rw-p 00019000 08:07 1053011                    /usr/lib/libpthread-2.26.so
7f9f48f93000-7f9f48f97000 rw-p 00000000 00:00 0 
7f9f48f97000-7f9f48fbc000 r-xp 00000000 08:07 1052990                    /usr/lib/ld-2.26.so
7f9f48fbc000-7f9f49081000 rw-p 00000000 00:00 0 
7f9f49081000-7f9f49084000 ---p 00000000 00:00 0 
7f9f49084000-7f9f49184000 rw-p 00000000 00:00 0 
7f9f49184000-7f9f49185000 r--p 00000000 08:07 1106941                    /usr/share/locale/en_GB/LC_MESSAGES/libc.mo
7f9f49185000-7f9f49188000 r--s 00015000 08:07 161758                     /usr/lib/jvm/java-8-openjdk/jre/lib/jce.jar
7f9f49188000-7f9f491af000 rw-p 00000000 00:00 0 
7f9f491af000-7f9f491b7000 rw-s 00000000 00:28 8825113                    /tmp/hsperfdata_yousuf/6458 (deleted)
7f9f491b7000-7f9f491b8000 rw-p 00000000 00:00 0 
7f9f491b8000-7f9f491b9000 ---p 00000000 00:00 0 
7f9f491b9000-7f9f491bb000 rw-p 00000000 00:00 0 
7f9f491bb000-7f9f491bc000 r--p 00024000 08:07 1052990                    /usr/lib/ld-2.26.so
7f9f491bc000-7f9f491bd000 rw-p 00025000 08:07 1052990                    /usr/lib/ld-2.26.so
7f9f491bd000-7f9f491be000 rw-p 00000000 00:00 0 
7ffe280a8000-7ffe280c9000 rw-p 00000000 00:00 0                          [stack]
7ffe28103000-7ffe28106000 r--p 00000000 00:00 0                          [vvar]
7ffe28106000-7ffe28108000 r-xp 00000000 00:00 0                          [vdso]
ffffffffff600000-ffffffffff601000 r-xp 00000000 00:00 0                  [vsyscall]

VM Arguments:
jvm_args: -Djava.library.path=lib/lwjgl/native -Dfile.encoding=UTF-8 
java_command: uk.ac.cam.cl.gfxintro.ym346.tick2.Tick2 -o screenshot.png
java_class_path (initial): /usr/lib/jvm/java-8-openjdk/jre/lib/resources.jar:/usr/lib/jvm/java-8-openjdk/jre/lib/rt.jar:/usr/lib/jvm/java-8-openjdk/jre/lib/jsse.jar:/usr/lib/jvm/java-8-openjdk/jre/lib/jce.jar:/usr/lib/jvm/java-8-openjdk/jre/lib/charsets.jar:/usr/lib/jvm/java-8-openjdk/jre/lib/ext/cldrdata.jar:/usr/lib/jvm/java-8-openjdk/jre/lib/ext/localedata.jar:/usr/lib/jvm/java-8-openjdk/jre/lib/ext/sunjce_provider.jar:/usr/lib/jvm/java-8-openjdk/jre/lib/ext/dnsns.jar:/usr/lib/jvm/java-8-openjdk/jre/lib/ext/sunec.jar:/usr/lib/jvm/java-8-openjdk/jre/lib/ext/zipfs.jar:/usr/lib/jvm/java-8-openjdk/jre/lib/ext/nashorn.jar:/usr/lib/jvm/java-8-openjdk/jre/lib/ext/jaccess.jar:/usr/lib/jvm/java-8-openjdk/jre/lib/ext/sunpkcs11.jar:/home/yousuf/Workspace/gfx/ticks/tick2/bin:/home/yousuf/Workspace/gfx/ticks/tick2/lib/JOML/joml.jar:/home/yousuf/Workspace/gfx/ticks/tick2/lib/lwjgl/jar/lwjgl.jar
Launcher Type: SUN_STANDARD

Environment Variables:
PATH=/usr/local/sbin:/usr/local/bin:/usr/bin:/usr/lib/jvm/default/bin:/usr/bin/site_perl:/usr/bin/vendor_perl:/usr/bin/core_perl
SHELL=/usr/bin/zsh
DISPLAY=:0

Signal Handlers:
SIGSEGV: [libjvm.so+0xaa46c0], sa_mask[0]=11111111011111111101111111111110, sa_flags=SA_RESTART|SA_SIGINFO
SIGBUS: [libjvm.so+0xaa46c0], sa_mask[0]=11111111011111111101111111111110, sa_flags=SA_RESTART|SA_SIGINFO
SIGFPE: [libjvm.so+0x8dc3d0], sa_mask[0]=11111111011111111101111111111110, sa_flags=SA_RESTART|SA_SIGINFO
SIGPIPE: [libjvm.so+0x8dc3d0], sa_mask[0]=11111111011111111101111111111110, sa_flags=SA_RESTART|SA_SIGINFO
SIGXFSZ: [libjvm.so+0x8dc3d0], sa_mask[0]=11111111011111111101111111111110, sa_flags=SA_RESTART|SA_SIGINFO
SIGILL: [libjvm.so+0x8dc3d0], sa_mask[0]=11111111011111111101111111111110, sa_flags=SA_RESTART|SA_SIGINFO
SIGUSR1: SIG_DFL, sa_mask[0]=00000000000000000000000000000000, sa_flags=none
SIGUSR2: [libjvm.so+0x8dc280], sa_mask[0]=00100000000000000000000000000000, sa_flags=SA_RESTART|SA_SIGINFO
SIGHUP: [libjvm.so+0x8dc730], sa_mask[0]=11111111011111111101111111111110, sa_flags=SA_RESTART|SA_SIGINFO
SIGINT: [libjvm.so+0x8dc730], sa_mask[0]=11111111011111111101111111111110, sa_flags=SA_RESTART|SA_SIGINFO
SIGTERM: [libjvm.so+0x8dc730], sa_mask[0]=11111111011111111101111111111110, sa_flags=SA_RESTART|SA_SIGINFO
SIGQUIT: [libjvm.so+0x8dc730], sa_mask[0]=11111111011111111101111111111110, sa_flags=SA_RESTART|SA_SIGINFO


---------------  S Y S T E M  ---------------

OS:NAME="Antergos Linux"
VERSION="17.9-ISO-Rolling"
ID="antergos"
ID_LIKE="arch"
PRETTY_NAME="Antergos Linux"
CPE_NAME="cpe:/o:antergosproject:antergos:17.9"
ANSI_COLOR="1;34;40"
HOME_URL="https://antergos.com/"
SUPPORT_URL="https://forum.antergos.com/"
BUG_REPORT_URL="https://github.com/antergos"


uname:Linux 4.13.11-1-ARCH #1 SMP PREEMPT Thu Nov 2 10:25:56 CET 2017 x86_64
libc:glibc 2.26 NPTL 2.26 
rlimit: STACK 8192k, CORE infinity, NPROC 31027, NOFILE 4096, AS infinity
load average:0.98 1.17 1.10

/proc/meminfo:
MemTotal:        8018236 kB
MemFree:          249684 kB
MemAvailable:    1564648 kB
Buffers:           66660 kB
Cached:          1963796 kB
SwapCached:         3116 kB
Active:          5650948 kB
Inactive:        1816376 kB
Active(anon):    4899720 kB
Inactive(anon):  1073316 kB
Active(file):     751228 kB
Inactive(file):   743060 kB
Unevictable:          96 kB
Mlocked:              96 kB
SwapTotal:       3906244 kB
SwapFree:        3886036 kB
Dirty:               768 kB
Writeback:             0 kB
AnonPages:       5262616 kB
Mapped:           993144 kB
Shmem:           1244072 kB
Slab:             138148 kB
SReclaimable:      90216 kB
SUnreclaim:        47932 kB
KernelStack:       11696 kB
PageTables:        66564 kB
NFS_Unstable:          0 kB
Bounce:                0 kB
WritebackTmp:          0 kB
CommitLimit:     7915360 kB
Committed_AS:   11715672 kB
VmallocTotal:   34359738367 kB
VmallocUsed:           0 kB
VmallocChunk:          0 kB
HardwareCorrupted:     0 kB
AnonHugePages:   1404928 kB
ShmemHugePages:        0 kB
ShmemPmdMapped:        0 kB
HugePages_Total:       0
HugePages_Free:        0
HugePages_Rsvd:        0
HugePages_Surp:        0
Hugepagesize:       2048 kB
DirectMap4k:      308636 kB
DirectMap2M:     7919616 kB
DirectMap1G:           0 kB


CPU:total 4 (initial active 4) (2 cores per cpu, 2 threads per core) family 6 model 142 stepping 9, cmov, cx8, fxsr, mmx, sse, sse2, sse3, ssse3, sse4.1, sse4.2, popcnt, avx, avx2, aes, clmul, erms, 3dnowpref, lzcnt, ht, tsc, tscinvbit, bmi1, bmi2, adx

/proc/cpuinfo:
processor	: 0
vendor_id	: GenuineIntel
cpu family	: 6
model		: 142
model name	: Intel(R) Core(TM) i5-7200U CPU @ 2.50GHz
stepping	: 9
microcode	: 0x62
cpu MHz		: 2700.000
cache size	: 3072 KB
physical id	: 0
siblings	: 4
core id		: 0
cpu cores	: 2
apicid		: 0
initial apicid	: 0
fpu		: yes
fpu_exception	: yes
cpuid level	: 22
wp		: yes
flags		: fpu vme de pse tsc msr pae mce cx8 apic sep mtrr pge mca cmov pat pse36 clflush dts acpi mmx fxsr sse sse2 ss ht tm pbe syscall nx pdpe1gb rdtscp lm constant_tsc art arch_perfmon pebs bts rep_good nopl xtopology nonstop_tsc cpuid aperfmperf tsc_known_freq pni pclmulqdq dtes64 monitor ds_cpl vmx est tm2 ssse3 sdbg fma cx16 xtpr pdcm pcid sse4_1 sse4_2 x2apic movbe popcnt tsc_deadline_timer aes xsave avx f16c rdrand lahf_lm abm 3dnowprefetch cpuid_fault epb intel_pt tpr_shadow vnmi flexpriority ept vpid fsgsbase tsc_adjust bmi1 avx2 smep bmi2 erms invpcid mpx rdseed adx smap clflushopt xsaveopt xsavec xgetbv1 xsaves dtherm ida arat pln pts hwp hwp_notify hwp_act_window hwp_epp
bugs		:
bogomips	: 5426.00
clflush size	: 64
cache_alignment	: 64
address sizes	: 39 bits physical, 48 bits virtual
power management:

processor	: 1
vendor_id	: GenuineIntel
cpu family	: 6
model		: 142
model name	: Intel(R) Core(TM) i5-7200U CPU @ 2.50GHz
stepping	: 9
microcode	: 0x62
cpu MHz		: 2700.000
cache size	: 3072 KB
physical id	: 0
siblings	: 4
core id		: 1
cpu cores	: 2
apicid		: 2
initial apicid	: 2
fpu		: yes
fpu_exception	: yes
cpuid level	: 22
wp		: yes
flags		: fpu vme de pse tsc msr pae mce cx8 apic sep mtrr pge mca cmov pat pse36 clflush dts acpi mmx fxsr sse sse2 ss ht tm pbe syscall nx pdpe1gb rdtscp lm constant_tsc art arch_perfmon pebs bts rep_good nopl xtopology nonstop_tsc cpuid aperfmperf tsc_known_freq pni pclmulqdq dtes64 monitor ds_cpl vmx est tm2 ssse3 sdbg fma cx16 xtpr pdcm pcid sse4_1 sse4_2 x2apic movbe popcnt tsc_deadline_timer aes xsave avx f16c rdrand lahf_lm abm 3dnowprefetch cpuid_fault epb intel_pt tpr_shadow vnmi flexpriority ept vpid fsgsbase tsc_adjust bmi1 avx2 smep bmi2 erms invpcid mpx rdseed adx smap clflushopt xsaveopt xsavec xgetbv1 xsaves dtherm ida arat pln pts hwp hwp_notify hwp_act_window hwp_epp
bugs		:
bogomips	: 5427.20
clflush size	: 64
cache_alignment	: 64
address sizes	: 39 bits physical, 48 bits virtual
power management:

processor	: 2
vendor_id	: GenuineIntel
cpu family	: 6
model		: 142
model name	: Intel(R) Core(TM) i5-7200U CPU @ 2.50GHz
stepping	: 9
microcode	: 0x62
cpu MHz		: 2700.000
cache size	: 3072 KB
physical id	: 0
siblings	: 4
core id		: 0
cpu cores	: 2
apicid		: 1
initial apicid	: 1
fpu		: yes
fpu_exception	: yes
cpuid level	: 22
wp		: yes
flags		: fpu vme de pse tsc msr pae mce cx8 apic sep mtrr pge mca cmov pat pse36 clflush dts acpi mmx fxsr sse sse2 ss ht tm pbe syscall nx pdpe1gb rdtscp lm constant_tsc art arch_perfmon pebs bts rep_good nopl xtopology nonstop_tsc cpuid aperfmperf tsc_known_freq pni pclmulqdq dtes64 monitor ds_cpl vmx est tm2 ssse3 sdbg fma cx16 xtpr pdcm pcid sse4_1 sse4_2 x2apic movbe popcnt tsc_deadline_timer aes xsave avx f16c rdrand lahf_lm abm 3dnowprefetch cpuid_fault epb intel_pt tpr_shadow vnmi flexpriority ept vpid fsgsbase tsc_adjust bmi1 avx2 smep bmi2 erms invpcid mpx rdseed adx smap clflushopt xsaveopt xsavec xgetbv1 xsaves dtherm ida arat pln pts hwp hwp_notify hwp_act_window hwp_epp
bugs		:
bogomips	: 5427.80
clflush size	: 64
cache_alignment	: 64
address sizes	: 39 bits physical, 48 bits virtual
power management:

processor	: 3
vendor_id	: GenuineIntel
cpu family	: 6
model		: 142
model name	: Intel(R) Core(TM) i5-7200U CPU @ 2.50GHz
stepping	: 9
microcode	: 0x62
cpu MHz		: 2700.000
cache size	: 3072 KB
physical id	: 0
siblings	: 4
core id		: 1
cpu cores	: 2
apicid		: 3
initial apicid	: 3
fpu		: yes
fpu_exception	: yes
cpuid level	: 22
wp		: yes
flags		: fpu vme de pse tsc msr pae mce cx8 apic sep mtrr pge mca cmov pat pse36 clflush dts acpi mmx fxsr sse sse2 ss ht tm pbe syscall nx pdpe1gb rdtscp lm constant_tsc art arch_perfmon pebs bts rep_good nopl xtopology nonstop_tsc cpuid aperfmperf tsc_known_freq pni pclmulqdq dtes64 monitor ds_cpl vmx est tm2 ssse3 sdbg fma cx16 xtpr pdcm pcid sse4_1 sse4_2 x2apic movbe popcnt tsc_deadline_timer aes xsave avx f16c rdrand lahf_lm abm 3dnowprefetch cpuid_fault epb intel_pt tpr_shadow vnmi flexpriority ept vpid fsgsbase tsc_adjust bmi1 avx2 smep bmi2 erms invpcid mpx rdseed adx smap clflushopt xsaveopt xsavec xgetbv1 xsaves dtherm ida arat pln pts hwp hwp_notify hwp_act_window hwp_epp
bugs		:
bogomips	: 5427.27
clflush size	: 64
cache_alignment	: 64
address sizes	: 39 bits physical, 48 bits virtual
power management:



Memory: 4k page, physical 8018236k(249436k free), swap 3906244k(3886036k free)

vm_info: OpenJDK 64-Bit Server VM (25.144-b01) for linux-amd64 JRE (1.8.0_144-b01), built on Jul 28 2017 20:07:18 by "builduser" with gcc 7.1.1 20170630

time: Sun Nov 26 17:33:43 2017
elapsed time: 0 seconds (0d 0h 0m 0s)

